#
# A fatal error has been detected by the Java Runtime Environment:
#
#  EXCEPTION_ACCESS_VIOLATION (0xc0000005) at pc=0x000000001df7312e, pid=1504, tid=5728
#
# JRE version: Java(TM) SE Runtime Environment (8.0_77-b03) (build 1.8.0_77-b03)
# Java VM: Java HotSpot(TM) 64-Bit Server VM (25.77-b03 mixed mode windows-amd64 compressed oops)
# Problematic frame:
# C  [ig7icd64.dll+0x312e]
#
# Failed to write core dump. Minidumps are not enabled by default on client versions of Windows
#
# If you would like to submit a bug report, please visit:
#   http://bugreport.java.com/bugreport/crash.jsp
# The crash happened outside the Java Virtual Machine in native code.
# See problematic frame for where to report the bug.
#

---------------  T H R E A D  ---------------

Current thread (0x000000001c85b800):  JavaThread "main-FPSAWTAnimator#00-Timer0-FPSAWTAnimator#00-Timer1" [_thread_in_native, id=5728, stack(0x0000000022970000,0x0000000022a70000)]

siginfo: ExceptionCode=0xc0000005, writing address 0x0000000000000000

Registers:
RAX=0x0000000000000001, RBX=0x000000000040cb18, RCX=0x0000000000000000, RDX=0x000000001cc11740
RSP=0x0000000022a6e110, RBP=0x0000000000000006, RSI=0x0000000000000040, RDI=0x0000000000000010
R8 =0x0000000000000040, R9 =0x0000000000000001, R10=0x0000000000000004, R11=0x0000000000000000
R12=0x000000001dc3a7a8, R13=0x000000001cc11740, R14=0x000000001cc11740, R15=0x0000000000000000
RIP=0x000000001df7312e, EFLAGS=0x0000000000010202

Top of Stack: (sp=0x0000000022a6e110)
0x0000000022a6e110:   08090a0b0c0d0e0f 0001020304050607
0x0000000022a6e120:   000000003f13cd3a 0000000000000000
0x0000000022a6e130:   0000000000000000 0000000000000000
0x0000000022a6e140:   000000001f28b700 000000001dfe8f67
0x0000000022a6e150:   000000000040cb18 0000000000000002
0x0000000022a6e160:   0000000000000040 00000067dff50004
0x0000000022a6e170:   00000000000088e4 0000000000000040
0x0000000022a6e180:   000000000040cab0 000000001e172d3e
0x0000000022a6e190:   000000001dc3a7a8 0000000000000000
0x0000000022a6e1a0:   0000000000000000 000000001e1ebc1b
0x0000000022a6e1b0:   000000001c85b800 000000013f5f3688
0x0000000022a6e1c0:   00000000872c07b0 0000000000000000
0x0000000022a6e1d0:   00000000d6b8a2e8 0000000002fb13f1
0x0000000022a6e1e0:   0000000022a6e260 0000000000000000
0x0000000022a6e1f0:   000000001e1ebbf0 0000000002f72475
0x0000000022a6e200:   0000000022a6e240 0000000000000000 

Instructions: (pc=0x000000001df7312e)
0x000000001df7310e:   49 c1 ea 04 4d 85 d2 74 25 66 0f 1f 84 00 00 00
0x000000001df7311e:   00 00 66 0f 6f 02 41 ff c1 48 83 c7 10 41 8b c1
0x000000001df7312e:   66 0f e7 47 f0 48 83 c2 10 49 3b c2 72 e4 0f 28
0x000000001df7313e:   74 24 20 0f 28 7c 24 10 41 83 e0 0f 74 48 4d 8b 


Register to memory mapping:

RAX=0x0000000000000001 is an unknown value
RBX=0x000000000040cb18 is an unknown value
RCX=0x0000000000000000 is an unknown value
RDX=0x000000001cc11740 is an unknown value
RSP=0x0000000022a6e110 is pointing into the stack for thread: 0x000000001c85b800
RBP=0x0000000000000006 is an unknown value
RSI=0x0000000000000040 is an unknown value
RDI=0x0000000000000010 is an unknown value
R8 =0x0000000000000040 is an unknown value
R9 =0x0000000000000001 is an unknown value
R10=0x0000000000000004 is an unknown value
R11=0x0000000000000000 is an unknown value
R12=0x000000001dc3a7a8 is an unknown value
R13=0x000000001cc11740 is an unknown value
R14=0x000000001cc11740 is an unknown value
R15=0x0000000000000000 is an unknown value


Stack: [0x0000000022970000,0x0000000022a70000],  sp=0x0000000022a6e110,  free space=1016k
Native frames: (J=compiled Java code, j=interpreted, Vv=VM code, C=native code)
C  [ig7icd64.dll+0x312e]
C  [ig7icd64.dll+0x78f67]
C  [ig7icd64.dll+0x202d3e]
C  0x0000000002fb13f1

Java frames: (J=compiled Java code, j=interpreted, Vv=VM code)
J 2274  jogamp.opengl.gl4.GL4bcImpl.dispatch_glBufferDataDelegate1(IJLjava/lang/Object;IZIJ)V (0 bytes) @ 0x0000000002fb1373 [0x0000000002fb1300+0x73]
J 3266 C2 jogamp.opengl.GLBufferObjectTracker.createBufferStorage(Ljogamp/opengl/GLBufferStateTracker;Lcom/jogamp/opengl/GL;IJLjava/nio/Buffer;IILjogamp/opengl/GLBufferObjectTracker$CreateStorageDispatch;)V (457 bytes) @ 0x000000000325d194 [0x000000000325cf00+0x294]
J 3230 C2 processing.opengl.PJOGL.bufferData(IILjava/nio/Buffer;I)V (16 bytes) @ 0x0000000003223fe0 [0x0000000003223f60+0x80]
J 2555 C1 processing.opengl.PGraphicsOpenGL.updatePolyBuffers(ZZZZ)V (595 bytes) @ 0x000000000309624c [0x0000000003095e60+0x3ec]
J 3262 C2 processing.opengl.PGraphicsOpenGL.flushPolys()V (699 bytes) @ 0x00000000032655e0 [0x0000000003265580+0x60]
J 3537 C2 processing.opengl.PGraphicsOpenGL.flush()V (310 bytes) @ 0x000000000336ff88 [0x000000000336fdc0+0x1c8]
J 3148 C1 processing.core.PGraphics.shape(Lprocessing/core/PShape;)V (59 bytes) @ 0x00000000031fbcc4 [0x00000000031fbae0+0x1e4]
J 3147 C1 processing.core.PApplet.shape(Lprocessing/core/PShape;)V (24 bytes) @ 0x00000000031fb68c [0x00000000031fb480+0x20c]
j  brabra.game.scene.fun.Starship.display()V+45
J 3220 C1 brabra.game.scene.Scene.displayAll()V (48 bytes) @ 0x0000000003221a04 [0x00000000032214a0+0x564]
J 2964 C1 brabra.game.RealGame.draw()V (64 bytes) @ 0x000000000317f29c [0x000000000317ef40+0x35c]
J 2963 C1 brabra.Brabra.draw()V (62 bytes) @ 0x00000000031713d4 [0x00000000031712c0+0x114]
J 3327 C1 processing.core.PApplet.handleDraw()V (252 bytes) @ 0x000000000329f3f4 [0x000000000329e7e0+0xc14]
J 3326 C1 processing.opengl.PSurfaceJOGL$DrawListener.display(Lcom/jogamp/opengl/GLAutoDrawable;)V (194 bytes) @ 0x000000000329cf54 [0x000000000329c860+0x6f4]
J 3242 C1 jogamp.opengl.GLDrawableHelper.displayImpl(Lcom/jogamp/opengl/GLAutoDrawable;)V (86 bytes) @ 0x0000000003238d04 [0x00000000032383c0+0x944]
J 3240 C1 jogamp.opengl.GLAutoDrawableBase$2.run()V (73 bytes) @ 0x000000000323e53c [0x000000000323e160+0x3dc]
J 3238 C1 jogamp.opengl.GLDrawableHelper.invokeGLImpl(Lcom/jogamp/opengl/GLDrawable;Lcom/jogamp/opengl/GLContext;Ljava/lang/Runnable;Ljava/lang/Runnable;)V (579 bytes) @ 0x000000000323b0ec [0x000000000323a2a0+0xe4c]
J 3313 C1 jogamp.opengl.GLDrawableHelper.invokeGL(Lcom/jogamp/opengl/GLDrawable;Lcom/jogamp/opengl/GLContext;Ljava/lang/Runnable;Ljava/lang/Runnable;)V (76 bytes) @ 0x000000000329c3c4 [0x000000000329c300+0xc4]
J 3235 C1 com.jogamp.newt.opengl.GLWindow.display()V (144 bytes) @ 0x00000000032312f4 [0x0000000003230a00+0x8f4]
J 3234 C1 com.jogamp.opengl.util.AWTAnimatorImpl.display(Ljava/util/ArrayList;ZZ)V (170 bytes) @ 0x0000000003229e6c [0x0000000003229780+0x6ec]
J 3232 C1 com.jogamp.opengl.util.FPSAnimator$MainTask.run()V (805 bytes) @ 0x000000000322caf4 [0x000000000322bdc0+0xd34]
j  java.util.TimerThread.mainLoop()V+221
j  java.util.TimerThread.run()V+1
v  ~StubRoutines::call_stub

---------------  P R O C E S S  ---------------

Java Threads: ( => current thread )
  0x000000001ceb4800 JavaThread "Prism Font Disposer" daemon [_thread_blocked, id=6004, stack(0x0000000029a10000,0x0000000029b10000)]
  0x000000001ceb3000 JavaThread "Thread-11" daemon [_thread_in_native, id=200, stack(0x0000000029240000,0x0000000029340000)]
  0x000000001ceb2800 JavaThread "JavaFX Application Thread" [_thread_in_native, id=4672, stack(0x0000000028190000,0x0000000028290000)]
  0x000000001ceb1800 JavaThread "Thread-10" daemon [_thread_blocked, id=4860, stack(0x0000000027f80000,0x0000000028080000)]
  0x000000001ceb1000 JavaThread "QuantumRenderer-0" daemon [_thread_blocked, id=7044, stack(0x0000000023400000,0x0000000023500000)]
  0x000000001ceb0000 JavaThread "JavaFX-Launcher" [_thread_blocked, id=2920, stack(0x00000000232e0000,0x00000000233e0000)]
  0x000000001ccb4800 JavaThread "Thread-7" [_thread_blocked, id=5296, stack(0x0000000022c80000,0x0000000022d80000)]
  0x000000001b129000 JavaThread "AWT-EventQueue-0" [_thread_blocked, id=5852, stack(0x0000000022e50000,0x0000000022f50000)]
  0x000000001c85e000 JavaThread "AWT-Shutdown" [_thread_blocked, id=6952, stack(0x0000000022840000,0x0000000022940000)]
=>0x000000001c85b800 JavaThread "main-FPSAWTAnimator#00-Timer0-FPSAWTAnimator#00-Timer1" [_thread_in_native, id=5728, stack(0x0000000022970000,0x0000000022a70000)]
  0x000000000030f000 JavaThread "DestroyJavaVM" [_thread_blocked, id=5540, stack(0x0000000002450000,0x0000000002550000)]
  0x000000001af80800 JavaThread "Thread-3" [_thread_blocked, id=6552, stack(0x000000001bad0000,0x000000001bbd0000)]
  0x000000001af3a000 JavaThread "main-SharedResourceRunner" daemon [_thread_blocked, id=5052, stack(0x000000001dd10000,0x000000001de10000)]
  0x000000001aecc800 JavaThread "main-Display-.windows_nil-1-EDT-1" daemon [_thread_in_native, id=4100, stack(0x000000001c700000,0x000000001c800000)]
  0x000000001ab80800 JavaThread "AWT-Windows" daemon [_thread_in_native, id=4240, stack(0x000000001b5d0000,0x000000001b6d0000)]
  0x000000001ab7f000 JavaThread "Java2D Disposer" daemon [_thread_blocked, id=4660, stack(0x000000001a840000,0x000000001a940000)]
  0x0000000018c98000 JavaThread "Service Thread" daemon [_thread_blocked, id=2168, stack(0x000000001a730000,0x000000001a830000)]
  0x0000000018c17000 JavaThread "C1 CompilerThread3" daemon [_thread_blocked, id=5840, stack(0x0000000019c80000,0x0000000019d80000)]
  0x0000000018c15000 JavaThread "C2 CompilerThread2" daemon [_thread_blocked, id=7060, stack(0x000000001a620000,0x000000001a720000)]
  0x0000000018c0e800 JavaThread "C2 CompilerThread1" daemon [_thread_blocked, id=6492, stack(0x0000000019f00000,0x000000001a000000)]
  0x0000000018c09000 JavaThread "C2 CompilerThread0" daemon [_thread_blocked, id=6140, stack(0x000000001a410000,0x000000001a510000)]
  0x0000000018c03000 JavaThread "Attach Listener" daemon [_thread_blocked, id=2632, stack(0x000000001a2b0000,0x000000001a3b0000)]
  0x0000000018c02000 JavaThread "Signal Dispatcher" daemon [_thread_blocked, id=1224, stack(0x000000001a170000,0x000000001a270000)]
  0x0000000017a41000 JavaThread "Finalizer" daemon [_thread_blocked, id=5204, stack(0x000000001a010000,0x000000001a110000)]
  0x0000000017a3a000 JavaThread "Reference Handler" daemon [_thread_blocked, id=1628, stack(0x0000000019df0000,0x0000000019ef0000)]

Other Threads:
  0x0000000017a33000 VMThread [stack: 0x0000000019b60000,0x0000000019c60000] [id=412]
  0x0000000018cbf000 WatcherThread [stack: 0x000000001a9c0000,0x000000001aac0000] [id=6980]

VM state:not at safepoint (normal execution)

VM Mutex/Monitor currently owned by a thread: None

Heap:
 PSYoungGen      total 70656K, used 52311K [0x00000000d6300000, 0x00000000e3600000, 0x0000000100000000)
  eden space 65536K, 79% used [0x00000000d6300000,0x00000000d9615f98,0x00000000da300000)
  from space 5120K, 0% used [0x00000000da300000,0x00000000da300000,0x00000000da800000)
  to   space 42496K, 0% used [0x00000000e0c80000,0x00000000e0c80000,0x00000000e3600000)
 ParOldGen       total 196608K, used 96008K [0x0000000082800000, 0x000000008e800000, 0x00000000d6300000)
  object space 196608K, 48% used [0x0000000082800000,0x00000000885c22e0,0x000000008e800000)
 Metaspace       used 28579K, capacity 29334K, committed 29696K, reserved 1075200K
  class space    used 3283K, capacity 3463K, committed 3584K, reserved 1048576K

Card table byte_map: [0x0000000011be0000,0x0000000011fd0000] byte_map_base: 0x00000000117cc000

Marking Bits: (ParMarkBitMap*) 0x0000000051e60600
 Begin Bits: [0x0000000012da0000, 0x0000000014d00000)
 End Bits:   [0x0000000014d00000, 0x0000000016c60000)

Polling page: 0x0000000000130000

CodeCache: size=245760Kb used=12014Kb max_used=12014Kb free=233745Kb
 bounds [0x0000000002820000, 0x00000000033f0000, 0x0000000011820000]
 total_blobs=4864 nmethods=3706 adapters=1069
 compilation: enabled

Compilation events (10 events):
Event: 38.673 Thread 0x0000000018c17000 nmethod 3732 0x0000000002a0d190 code [0x0000000002a0d2e0, 0x0000000002a0d3d0]
Event: 38.674 Thread 0x0000000018c17000 3733       3       javafx.scene.Node::relocate (90 bytes)
Event: 38.675 Thread 0x0000000018c0e800 nmethod 3731 0x0000000002a0ce90 code [0x0000000002a0cfc0, 0x0000000002a0d098]
Event: 38.677 Thread 0x0000000018c17000 nmethod 3733 0x00000000033e6590 code [0x00000000033e6940, 0x00000000033e8cc8]
Event: 38.677 Thread 0x0000000018c17000 3736       1       com.sun.javafx.geom.transform.Affine3D::getMzt (5 bytes)
Event: 38.678 Thread 0x0000000018c17000 nmethod 3736 0x0000000002a0cbd0 code [0x0000000002a0cd20, 0x0000000002a0ce30]
Event: 38.678 Thread 0x0000000018c17000 3734       3       javafx.scene.Node::setLayoutX (9 bytes)
Event: 38.678 Thread 0x0000000018c17000 nmethod 3734 0x0000000002932a10 code [0x0000000002932ba0, 0x0000000002933038]
Event: 38.678 Thread 0x0000000018c17000 3735       3       javafx.scene.Node::impl_syncPeer (43 bytes)
Event: 38.679 Thread 0x0000000018c17000 nmethod 3735 0x0000000002931d10 code [0x0000000002931ec0, 0x00000000029327c8]

GC Heap History (10 events):
Event: 1.988 GC heap before
{Heap before GC invocations=3 (full 0):
 PSYoungGen      total 37888K, used 32647K [0x00000000d6300000, 0x00000000dad00000, 0x0000000100000000)
  eden space 32768K, 88% used [0x00000000d6300000,0x00000000d7f5f320,0x00000000d8300000)
  from space 5120K, 70% used [0x00000000d8800000,0x00000000d8b82b90,0x00000000d8d00000)
  to   space 5120K, 0% used [0x00000000d8300000,0x00000000d8300000,0x00000000d8800000)
 ParOldGen       total 86016K, used 32K [0x0000000082800000, 0x0000000087c00000, 0x00000000d6300000)
  object space 86016K, 0% used [0x0000000082800000,0x0000000082808268,0x0000000087c00000)
 Metaspace       used 16926K, capacity 17170K, committed 17408K, reserved 1064960K
  class space    used 1651K, capacity 1731K, committed 1792K, reserved 1048576K
Event: 1.992 GC heap after
Heap after GC invocations=3 (full 0):
 PSYoungGen      total 37888K, used 5107K [0x00000000d6300000, 0x00000000dad00000, 0x0000000100000000)
  eden space 32768K, 0% used [0x00000000d6300000,0x00000000d6300000,0x00000000d8300000)
  from space 5120K, 99% used [0x00000000d8300000,0x00000000d87fcd78,0x00000000d8800000)
  to   space 5120K, 0% used [0x00000000da800000,0x00000000da800000,0x00000000dad00000)
 ParOldGen       total 86016K, used 1121K [0x0000000082800000, 0x0000000087c00000, 0x00000000d6300000)
  object space 86016K, 1% used [0x0000000082800000,0x00000000829185f0,0x0000000087c00000)
 Metaspace       used 16926K, capacity 17170K, committed 17408K, reserved 1064960K
  class space    used 1651K, capacity 1731K, committed 1792K, reserved 1048576K
}
Event: 2.173 GC heap before
{Heap before GC invocations=4 (full 0):
 PSYoungGen      total 37888K, used 37869K [0x00000000d6300000, 0x00000000dad00000, 0x0000000100000000)
  eden space 32768K, 99% used [0x00000000d6300000,0x00000000d82fe7d0,0x00000000d8300000)
  from space 5120K, 99% used [0x00000000d8300000,0x00000000d87fcd78,0x00000000d8800000)
  to   space 5120K, 0% used [0x00000000da800000,0x00000000da800000,0x00000000dad00000)
 ParOldGen       total 86016K, used 34871K [0x0000000082800000, 0x0000000087c00000, 0x00000000d6300000)
  object space 86016K, 40% used [0x0000000082800000,0x0000000084a0de00,0x0000000087c00000)
 Metaspace       used 17179K, capacity 17394K, committed 17664K, reserved 1064960K
  class space    used 1687K, capacity 1763K, committed 1792K, reserved 1048576K
Event: 2.178 GC heap after
Heap after GC invocations=4 (full 0):
 PSYoungGen      total 70656K, used 5117K [0x00000000d6300000, 0x00000000dad00000, 0x0000000100000000)
  eden space 65536K, 0% used [0x00000000d6300000,0x00000000d6300000,0x00000000da300000)
  from space 5120K, 99% used [0x00000000da800000,0x00000000dacff6e8,0x00000000dad00000)
  to   space 5120K, 0% used [0x00000000da300000,0x00000000da300000,0x00000000da800000)
 ParOldGen       total 86016K, used 39256K [0x0000000082800000, 0x0000000087c00000, 0x00000000d6300000)
  object space 86016K, 45% used [0x0000000082800000,0x0000000084e56280,0x0000000087c00000)
 Metaspace       used 17179K, capacity 17394K, committed 17664K, reserved 1064960K
  class space    used 1687K, capacity 1763K, committed 1792K, reserved 1048576K
}
Event: 2.515 GC heap before
{Heap before GC invocations=5 (full 0):
 PSYoungGen      total 70656K, used 66922K [0x00000000d6300000, 0x00000000dad00000, 0x0000000100000000)
  eden space 65536K, 94% used [0x00000000d6300000,0x00000000d9f5b488,0x00000000da300000)
  from space 5120K, 99% used [0x00000000da800000,0x00000000dacff6e8,0x00000000dad00000)
  to   space 5120K, 0% used [0x00000000da300000,0x00000000da300000,0x00000000da800000)
 ParOldGen       total 86016K, used 39256K [0x0000000082800000, 0x0000000087c00000, 0x00000000d6300000)
  object space 86016K, 45% used [0x0000000082800000,0x0000000084e56280,0x0000000087c00000)
 Metaspace       used 17550K, capacity 17780K, committed 17920K, reserved 1064960K
  class space    used 1711K, capacity 1764K, committed 1792K, reserved 1048576K
Event: 2.534 GC heap after
Heap after GC invocations=5 (full 0):
 PSYoungGen      total 70656K, used 5117K [0x00000000d6300000, 0x00000000e3600000, 0x0000000100000000)
  eden space 65536K, 0% used [0x00000000d6300000,0x00000000d6300000,0x00000000da300000)
  from space 5120K, 99% used [0x00000000da300000,0x00000000da7ff6e8,0x00000000da800000)
  to   space 42496K, 0% used [0x00000000e0c80000,0x00000000e0c80000,0x00000000e3600000)
 ParOldGen       total 89088K, used 88667K [0x0000000082800000, 0x0000000087f00000, 0x00000000d6300000)
  object space 89088K, 99% used [0x0000000082800000,0x0000000087e96cb0,0x0000000087f00000)
 Metaspace       used 17550K, capacity 17780K, committed 17920K, reserved 1064960K
  class space    used 1711K, capacity 1764K, committed 1792K, reserved 1048576K
}
Event: 2.534 GC heap before
{Heap before GC invocations=6 (full 1):
 PSYoungGen      total 70656K, used 5117K [0x00000000d6300000, 0x00000000e3600000, 0x0000000100000000)
  eden space 65536K, 0% used [0x00000000d6300000,0x00000000d6300000,0x00000000da300000)
  from space 5120K, 99% used [0x00000000da300000,0x00000000da7ff6e8,0x00000000da800000)
  to   space 42496K, 0% used [0x00000000e0c80000,0x00000000e0c80000,0x00000000e3600000)
 ParOldGen       total 89088K, used 88667K [0x0000000082800000, 0x0000000087f00000, 0x00000000d6300000)
  object space 89088K, 99% used [0x0000000082800000,0x0000000087e96cb0,0x0000000087f00000)
 Metaspace       used 17550K, capacity 17780K, committed 17920K, reserved 1064960K
  class space    used 1711K, capacity 1764K, committed 1792K, reserved 1048576K
Event: 2.562 GC heap after
Heap after GC invocations=6 (full 1):
 PSYoungGen      total 70656K, used 0K [0x00000000d6300000, 0x00000000e3600000, 0x0000000100000000)
  eden space 65536K, 0% used [0x00000000d6300000,0x00000000d6300000,0x00000000da300000)
  from space 5120K, 0% used [0x00000000da300000,0x00000000da300000,0x00000000da800000)
  to   space 42496K, 0% used [0x00000000e0c80000,0x00000000e0c80000,0x00000000e3600000)
 ParOldGen       total 166912K, used 82196K [0x0000000082800000, 0x000000008cb00000, 0x00000000d6300000)
  object space 166912K, 49% used [0x0000000082800000,0x0000000087845200,0x000000008cb00000)
 Metaspace       used 17550K, capacity 17780K, committed 17920K, reserved 1064960K
  class space    used 1711K, capacity 1764K, committed 1792K, reserved 1048576K
}
Event: 4.999 GC heap before
{Heap before GC invocations=7 (full 2):
 PSYoungGen      total 70656K, used 61467K [0x00000000d6300000, 0x00000000e3600000, 0x0000000100000000)
  eden space 65536K, 93% used [0x00000000d6300000,0x00000000d9f06da8,0x00000000da300000)
  from space 5120K, 0% used [0x00000000da300000,0x00000000da300000,0x00000000da800000)
  to   space 42496K, 0% used [0x00000000e0c80000,0x00000000e0c80000,0x00000000e3600000)
 ParOldGen       total 166912K, used 149696K [0x0000000082800000, 0x000000008cb00000, 0x00000000d6300000)
  object space 166912K, 89% used [0x0000000082800000,0x000000008ba30220,0x000000008cb00000)
 Metaspace       used 27185K, capacity 27806K, committed 28032K, reserved 1073152K
  class space    used 3231K, capacity 3411K, committed 3456K, reserved 1048576K
Event: 5.043 GC heap after
Heap after GC invocations=7 (full 2):
 PSYoungGen      total 70656K, used 0K [0x00000000d6300000, 0x00000000e3600000, 0x0000000100000000)
  eden space 65536K, 0% used [0x00000000d6300000,0x00000000d6300000,0x00000000da300000)
  from space 5120K, 0% used [0x00000000da300000,0x00000000da300000,0x00000000da800000)
  to   space 42496K, 0% used [0x00000000e0c80000,0x00000000e0c80000,0x00000000e3600000)
 ParOldGen       total 196608K, used 96008K [0x0000000082800000, 0x000000008e800000, 0x00000000d6300000)
  object space 196608K, 48% used [0x0000000082800000,0x00000000885c22e0,0x000000008e800000)
 Metaspace       used 27185K, capacity 27806K, committed 28032K, reserved 1073152K
  class space    used 3231K, capacity 3411K, committed 3456K, reserved 1048576K
}

Deoptimization events (10 events):
Event: 4.777 Thread 0x000000001c85b800 Uncommon trap: reason=predicate action=maybe_recompile pc=0x0000000002f3263c method=java.util.regex.Pattern$Slice.match(Ljava/util/regex/Matcher;ILjava/lang/CharSequence;)Z @ 21
Event: 4.811 Thread 0x000000001c85b800 Uncommon trap: reason=unstable_if action=reinterpret pc=0x0000000002d910cc method=com.jogamp.common.nio.Buffers.rangeCheckBytes(Ljava/lang/Object;I)V @ 1
Event: 9.082 Thread 0x000000001ceb2800 Uncommon trap: reason=unstable_if action=reinterpret pc=0x0000000002e83b00 method=java.util.WeakHashMap.expungeStaleEntries()V @ 9
Event: 9.084 Thread 0x000000001ceb2800 Uncommon trap: reason=array_check action=maybe_recompile pc=0x0000000002ecdca0 method=java.util.AbstractCollection.toArray([Ljava/lang/Object;)[Ljava/lang/Object; @ 119
Event: 9.084 Thread 0x000000001ceb2800 Uncommon trap: reason=array_check action=maybe_recompile pc=0x0000000002ecdca0 method=java.util.AbstractCollection.toArray([Ljava/lang/Object;)[Ljava/lang/Object; @ 119
Event: 9.085 Thread 0x000000001ceb2800 Uncommon trap: reason=array_check action=maybe_recompile pc=0x0000000002ecdca0 method=java.util.AbstractCollection.toArray([Ljava/lang/Object;)[Ljava/lang/Object; @ 119
Event: 9.322 Thread 0x000000001ceb2800 Uncommon trap: reason=bimorphic action=maybe_recompile pc=0x0000000002ecde64 method=java.util.AbstractCollection.toArray([Ljava/lang/Object;)[Ljava/lang/Object; @ 1
Event: 9.323 Thread 0x000000001ceb3000 Uncommon trap: reason=unstable_if action=reinterpret pc=0x0000000003072760 method=com.sun.javafx.tk.quantum.QuantumToolkit.postPulse()V @ 17
Event: 9.328 Thread 0x000000001ceb2800 Uncommon trap: reason=unstable_if action=reinterpret pc=0x0000000002dd3780 method=jdk.internal.org.objectweb.asm.Type.getArgumentsAndReturnSizes(Ljava/lang/String;)I @ 47
Event: 9.335 Thread 0x000000001ceb2800 Uncommon trap: reason=array_check action=maybe_recompile pc=0x0000000002ecdca0 method=java.util.AbstractCollection.toArray([Ljava/lang/Object;)[Ljava/lang/Object; @ 119

Internal exceptions (10 events):
Event: 2.665 Thread 0x000000001af82800 Exception <a 'java/lang/ClassNotFoundException': sun/net/www/protocol/c/Handler> (0x00000000d7b68f40) thrown at [D:\re\workspace\8-2-build-windows-amd64-cygwin\jdk8u77\6540\hotspot\src\share\vm\classfile\systemDictionary.cpp, line 210]
Event: 2.802 Thread 0x000000001ceb0000 Exception <a 'java/lang/NullPointerException'> (0x00000000d7f18050) thrown at [D:\re\workspace\8-2-build-windows-amd64-cygwin\jdk8u77\6540\hotspot\src\share\vm\interpreter\linkResolver.cpp, line 1178]
Event: 3.050 Thread 0x000000001ceb2800 Exception <a 'java/lang/NullPointerException'> (0x00000000d864f828) thrown at [D:\re\workspace\8-2-build-windows-amd64-cygwin\jdk8u77\6540\hotspot\src\share\vm\interpreter\linkResolver.cpp, line 1178]
Event: 3.050 Thread 0x000000001ceb2800 Exception <a 'java/lang/NullPointerException'> (0x00000000d864f828) thrown at [D:\re\workspace\8-2-build-windows-amd64-cygwin\jdk8u77\6540\hotspot\src\share\vm\prims\jvm.cpp, line 1390]
Event: 3.147 Thread 0x000000001ceb2800 Implicit null exception at 0x0000000002c15a18 to 0x0000000002c15aa6
Event: 3.270 Thread 0x000000001ceb2800 Implicit null exception at 0x0000000002aa8eaf to 0x0000000002aa8f19
Event: 3.380 Thread 0x000000001ceb2800 Implicit null exception at 0x0000000002e2ce66 to 0x0000000002e2ceb1
Event: 4.769 Thread 0x000000001c85b800 Implicit null exception at 0x0000000002d8590c to 0x0000000002d85939
Event: 4.769 Thread 0x000000001c85b800 Implicit null exception at 0x0000000002d85e0c to 0x0000000002d85e3d
Event: 4.811 Thread 0x000000001c85b800 Implicit null exception at 0x0000000002d9106c to 0x0000000002d910b9

Events (10 events):
Event: 36.014 Thread 0x0000000018c17000 flushing nmethod 0x00000000029bb910
Event: 36.015 Thread 0x0000000018c17000 flushing nmethod 0x0000000002a01b90
Event: 36.838 Thread 0x0000000018c17000 flushing nmethod 0x0000000002922890
Event: 36.838 Thread 0x0000000018c17000 flushing nmethod 0x000000000292cfd0
Event: 36.838 Thread 0x0000000018c17000 flushing nmethod 0x0000000002931c10
Event: 36.838 Thread 0x0000000018c17000 flushing nmethod 0x0000000002932490
Event: 36.838 Thread 0x0000000018c17000 flushing nmethod 0x0000000002938750
Event: 36.838 Thread 0x0000000018c17000 flushing nmethod 0x000000000294bbd0
Event: 37.471 Thread 0x0000000018c0e800 flushing nmethod 0x0000000002a0c4d0
Event: 37.471 Thread 0x0000000018c0e800 flushing nmethod 0x0000000002a0dc90


Dynamic libraries:
0x000000013f500000 - 0x000000013f537000 	C:\Program Files\Java\jre1.8.0_77\bin\javaw.exe
0x0000000077240000 - 0x00000000773ea000 	C:\Windows\SYSTEM32\ntdll.dll
0x0000000077020000 - 0x000000007713f000 	C:\Windows\system32\kernel32.dll
0x000007fefcfe0000 - 0x000007fefd04b000 	C:\Windows\system32\KERNELBASE.dll
0x000007fefdfb0000 - 0x000007fefe08b000 	C:\Windows\system32\ADVAPI32.dll
0x000007fefd8f0000 - 0x000007fefd98f000 	C:\Windows\system32\msvcrt.dll
0x000007fefdca0000 - 0x000007fefdcbf000 	C:\Windows\SYSTEM32\sechost.dll
0x000007fefdb70000 - 0x000007fefdc9d000 	C:\Windows\system32\RPCRT4.dll
0x0000000077140000 - 0x000000007723a000 	C:\Windows\system32\USER32.dll
0x000007fefd660000 - 0x000007fefd6c7000 	C:\Windows\system32\GDI32.dll
0x000007fefd8e0000 - 0x000007fefd8ee000 	C:\Windows\system32\LPK.dll
0x000007feff140000 - 0x000007feff20a000 	C:\Windows\system32\USP10.dll
0x000007fefb870000 - 0x000007fefba64000 	C:\Windows\WinSxS\amd64_microsoft.windows.common-controls_6595b64144ccf1df_6.0.7601.18837_none_fa3b1e3d17594757\COMCTL32.dll
0x000007feff240000 - 0x000007feff2b1000 	C:\Windows\system32\SHLWAPI.dll
0x000007feff210000 - 0x000007feff23e000 	C:\Windows\system32\IMM32.DLL
0x000007fefd9e0000 - 0x000007fefdae9000 	C:\Windows\system32\MSCTF.dll
0x000007fefcef0000 - 0x000007fefcf21000 	C:\Windows\system32\nvinitx.dll
0x000007fefcee0000 - 0x000007fefceec000 	C:\Windows\system32\VERSION.dll
0x00000000737a0000 - 0x00000000737a6000 	C:\Program Files\NVIDIA Corporation\CoProcManager\detoured.dll
0x000007fef9800000 - 0x000007fef9832000 	C:\Program Files\NVIDIA Corporation\CoProcManager\nvd3d9wrapx.dll
0x000007fefeec0000 - 0x000007feff097000 	C:\Windows\system32\SETUPAPI.dll
0x000007fefd0f0000 - 0x000007fefd126000 	C:\Windows\system32\CFGMGR32.dll
0x000007fefdd40000 - 0x000007fefde18000 	C:\Windows\system32\OLEAUT32.dll
0x000007fefd6d0000 - 0x000007fefd8d3000 	C:\Windows\system32\ole32.dll
0x000007fefd320000 - 0x000007fefd33a000 	C:\Windows\system32\DEVOBJ.dll
0x000007fef97d0000 - 0x000007fef97f2000 	C:\Program Files\NVIDIA Corporation\CoProcManager\nvdxgiwrapx.dll
0x0000000050630000 - 0x0000000050702000 	C:\Program Files\Java\jre1.8.0_77\bin\msvcr100.dll
0x0000000051650000 - 0x0000000051ee0000 	C:\Program Files\Java\jre1.8.0_77\bin\server\jvm.dll
0x000007fef6030000 - 0x000007fef6039000 	C:\Windows\system32\WSOCK32.dll
0x000007fefd990000 - 0x000007fefd9dd000 	C:\Windows\system32\WS2_32.dll
0x000007fefd380000 - 0x000007fefd388000 	C:\Windows\system32\NSI.dll
0x000007fef9840000 - 0x000007fef987b000 	C:\Windows\system32\WINMM.dll
0x0000000077400000 - 0x0000000077407000 	C:\Windows\system32\PSAPI.DLL
0x0000000051640000 - 0x000000005164f000 	C:\Program Files\Java\jre1.8.0_77\bin\verify.dll
0x0000000051610000 - 0x0000000051639000 	C:\Program Files\Java\jre1.8.0_77\bin\java.dll
0x00000000515f0000 - 0x0000000051606000 	C:\Program Files\Java\jre1.8.0_77\bin\zip.dll
0x000007fefe130000 - 0x000007fefeeba000 	C:\Windows\system32\SHELL32.dll
0x000007fefcfc0000 - 0x000007fefcfcf000 	C:\Windows\system32\profapi.dll
0x0000000050490000 - 0x0000000050628000 	C:\Program Files\Java\jre1.8.0_77\bin\awt.dll
0x000007fefb230000 - 0x000007fefb248000 	C:\Windows\system32\DWMAPI.DLL
0x000007fefb690000 - 0x000007fefb6e6000 	C:\Windows\system32\uxtheme.dll
0x000007fefcdd0000 - 0x000007fefcddf000 	C:\Windows\system32\CRYPTBASE.dll
0x0000000180000000 - 0x000000018004a000 	C:\Program Files\Acer\Acer ePower Management\SysHook.dll
0x000007fef8f70000 - 0x000007fef8fe1000 	C:\Windows\system32\WINSPOOL.DRV
0x000007fefc770000 - 0x000007fefc788000 	C:\Windows\system32\CRYPTSP.dll
0x000007fefc470000 - 0x000007fefc4b7000 	C:\Windows\system32\rsaenh.dll
0x000007fefd340000 - 0x000007fefd35e000 	C:\Windows\system32\USERENV.dll
0x00000000515d0000 - 0x00000000515ea000 	C:\Program Files\Java\jre1.8.0_77\bin\net.dll
0x000007fefc710000 - 0x000007fefc765000 	C:\Windows\system32\mswsock.dll
0x000007fefc700000 - 0x000007fefc707000 	C:\Windows\System32\wship6.dll
0x000007fefa4a0000 - 0x000007fefa4c7000 	C:\Windows\system32\IPHLPAPI.DLL
0x000007fefa420000 - 0x000007fefa42b000 	C:\Windows\system32\WINNSI.DLL
0x000007fefa1a0000 - 0x000007fefa1b8000 	C:\Windows\system32\dhcpcsvc.DLL
0x000007fef9640000 - 0x000007fef9651000 	C:\Windows\system32\dhcpcsvc6.DLL
0x00000000515b0000 - 0x00000000515c1000 	C:\Program Files\Java\jre1.8.0_77\bin\nio.dll
0x000007fefcd70000 - 0x000007fefcdc7000 	C:\Windows\system32\apphelp.dll
0x00000000637c0000 - 0x00000000637cd000 	C:\Users\Max\AppData\Local\Temp\jogamp_0000\file_cache\jln409654231931790316\jln5715755241517775336\natives\windows-amd64\gluegen-rt.dll
0x00000000507e0000 - 0x00000000507e7000 	C:\Program Files\Java\jre1.8.0_77\bin\jawt.dll
0x000000006a440000 - 0x000000006a44d000 	C:\Users\Max\AppData\Local\Temp\jogamp_0000\file_cache\jln409654231931790316\jln5715755241517775336\natives\windows-amd64\nativewindow_awt.dll
0x000000006c100000 - 0x000000006c10f000 	C:\Users\Max\AppData\Local\Temp\jogamp_0000\file_cache\jln409654231931790316\jln5715755241517775336\natives\windows-amd64\nativewindow_win32.dll
0x000000006cbc0000 - 0x000000006cbd3000 	C:\Users\Max\AppData\Local\Temp\jogamp_0000\file_cache\jln409654231931790316\jln5715755241517775336\natives\windows-amd64\newt.dll
0x000007fef9880000 - 0x000007fef991c000 	C:\Windows\system32\mscms.dll
0x000007fef86e0000 - 0x000007fef8722000 	C:\Windows\system32\icm32.dll
0x000007fefd130000 - 0x000007fefd16b000 	C:\Windows\system32\WINTRUST.dll
0x000007fefd1b0000 - 0x000007fefd31d000 	C:\Windows\system32\CRYPT32.dll
0x00000000002f0000 - 0x00000000002ff000 	C:\Windows\system32\MSASN1.dll
0x000007fef8490000 - 0x000007fef85ad000 	C:\Windows\system32\OpenGL32.dll
0x000007fef8460000 - 0x000007fef848d000 	C:\Windows\system32\GLU32.dll
0x000007fef2680000 - 0x000007fef2771000 	C:\Windows\system32\DDRAW.dll
0x000007fefa970000 - 0x000007fefa978000 	C:\Windows\system32\DCIMAN32.dll
0x0000000064500000 - 0x00000000645b1000 	C:\Users\Max\AppData\Local\Temp\jogamp_0000\file_cache\jln409654231931790316\jln5715755241517775336\natives\windows-amd64\jogl_desktop.dll
0x0000000064340000 - 0x00000000643a2000 	C:\Users\Max\AppData\Local\Temp\jogamp_0000\file_cache\jln409654231931790316\jln5715755241517775336\natives\windows-amd64\jogl_mobile.dll
0x000000001df70000 - 0x000000001efec000 	C:\Windows\system32\ig7icd64.dll
0x000007feff0a0000 - 0x000007feff139000 	C:\Windows\system32\CLBCatQ.DLL
0x0000000050790000 - 0x00000000507d7000 	C:\Program Files\Java\jre1.8.0_77\bin\fontmanager.dll
0x0000000050750000 - 0x0000000050781000 	C:\Program Files\Java\jre1.8.0_77\bin\jpeg.dll
0x0000000050440000 - 0x0000000050482000 	C:\Program Files\Java\jre1.8.0_77\bin\t2k.dll
0x000007fef80d0000 - 0x000007fef81bf000 	C:\Program Files\Java\jre1.8.0_77\bin\msvcr120.dll
0x000007fef8020000 - 0x000007fef80c6000 	C:\Program Files\Java\jre1.8.0_77\bin\msvcp120.dll
0x0000000050720000 - 0x0000000050743000 	C:\Program Files\Java\jre1.8.0_77\bin\prism_d3d.dll
0x000007fee72f0000 - 0x000007fee74ef000 	C:\Windows\system32\d3d9.dll
0x000007fee87e0000 - 0x000007fee87e7000 	C:\Windows\system32\d3d8thk.dll
0x000007fef8b60000 - 0x000007fef8bde000 	C:\Windows\system32\nvumdshimx.dll
0x0000000023500000 - 0x0000000023cca000 	C:\Windows\system32\igdumd64.dll
0x00000000503f0000 - 0x0000000050433000 	C:\Program Files\Java\jre1.8.0_77\bin\glass.dll
0x000007fefe090000 - 0x000007fefe127000 	C:\Windows\system32\COMDLG32.dll
0x00000000503d0000 - 0x00000000503e4000 	C:\Program Files\Java\jre1.8.0_77\bin\javafx_font.dll
0x000007fee0bb0000 - 0x000007fee0d47000 	C:\Windows\system32\dwrite.dll
0x000007fefb080000 - 0x000007fefb1e1000 	C:\Windows\system32\WindowsCodecs.dll
0x000007fef7050000 - 0x000007fef7085000 	C:\Windows\system32\EhStorShell.dll
0x000007fefb6f0000 - 0x000007fefb81c000 	C:\Windows\system32\PROPSYS.dll
0x000007fef6dc0000 - 0x000007fef6e40000 	C:\Windows\system32\ntshrui.dll
0x000007fefc9f0000 - 0x000007fefca13000 	C:\Windows\system32\srvcli.dll
0x000007fef8be0000 - 0x000007fef8bef000 	C:\Windows\system32\cscapi.dll
0x000007fefaa00000 - 0x000007fefaa0b000 	C:\Windows\system32\slc.dll
0x000007fef8a20000 - 0x000007fef8a28000 	C:\Windows\system32\IconCodecService.dll
0x000007fef7ff0000 - 0x000007fef801d000 	C:\Program Files\Common Files\Microsoft Shared\Ink\rtscom.dll
0x00000000503b0000 - 0x00000000503c1000 	C:\Program Files\Java\jre1.8.0_77\bin\prism_common.dll
0x000007fef5010000 - 0x000007fef5135000 	C:\Windows\system32\dbghelp.dll

VM Arguments:
jvm_args: -ea -Dfile.encoding=UTF-8 
java_command: brabra.Brabra
java_class_path (initial): C:\Users\Max\workspace\Java\Brabra\bin;C:\Users\Max\workspace\Java\Brabra\lib\core\core.jar;C:\Users\Max\workspace\Java\Brabra\lib\core\gluegen-rt-natives-linux-amd64.jar;C:\Users\Max\workspace\Java\Brabra\lib\core\gluegen-rt-natives-linux-armv6hf.jar;C:\Users\Max\workspace\Java\Brabra\lib\core\gluegen-rt-natives-linux-i586.jar;C:\Users\Max\workspace\Java\Brabra\lib\core\gluegen-rt-natives-macosx-universal.jar;C:\Users\Max\workspace\Java\Brabra\lib\core\gluegen-rt-natives-windows-amd64.jar;C:\Users\Max\workspace\Java\Brabra\lib\core\gluegen-rt-natives-windows-i586.jar;C:\Users\Max\workspace\Java\Brabra\lib\core\gluegen-rt.jar;C:\Users\Max\workspace\Java\Brabra\lib\core\jogl-all-natives-linux-amd64.jar;C:\Users\Max\workspace\Java\Brabra\lib\core\jogl-all-natives-linux-armv6hf.jar;C:\Users\Max\workspace\Java\Brabra\lib\core\jogl-all-natives-linux-i586.jar;C:\Users\Max\workspace\Java\Brabra\lib\core\jogl-all-natives-macosx-universal.jar;C:\Users\Max\workspace\Java\Brabra\lib\core\jogl-all-natives-windows-amd64.jar;C:\Users\Max\workspace\Java\Brabra\lib\core\jogl-all-natives-windows-i586.jar;C:\Users\Max\workspace\Java\Brabra\lib\core\jogl-all.jar;C:\Users\Max\workspace\Java\Brabra\lib\papaya.jar;C:\Users\Max\workspace\Java\Brabra\lib\video.jar;C:\Users\Max\Desktop\scala-SDK-4.3.0-vfinal-2.11-win32.win32.x86_64\eclipse\plugins\org.junit_4.11.0.v201303080030\junit.jar;C:\Users\Max\Desktop\scala-SDK-4.3.0-vfinal-2.11-win32.win32.x86_64\eclipse\plugins\org.hamcrest.core_1.3.0.v201303031735.jar
Launcher Type: SUN_STANDARD

Environment Variables:
PATH=C:/Program Files/Java/jre1.8.0_77/bin/server;C:/Program Files/Java/jre1.8.0_77/bin;C:/Program Files/Java/jre1.8.0_77/lib/amd64;C:\Program Files (x86)\Razer Chroma SDK\bin;C:\Program Files\Razer Chroma SDK\bin;C:\ProgramData\Oracle\Java\javapath;C:\Python33;C:\Program Files (x86)\Intel\iCLS Client\;C:\Program Files\Intel\iCLS Client\;C:\Program Files\Common Files\Microsoft Shared\Windows Live;C:\Program Files (x86)\Common Files\Microsoft Shared\Windows Live;C:\Windows\system32;C:\Windows;C:\Windows\System32\Wbem;C:\Windows\System32\WindowsPowerShell\v1.0\;C:\Program Files (x86)\Windows Live\Shared;C:\Program Files (x86)\EgisTec MyWinLocker\x64;C:\Program Files (x86)\EgisTec MyWinLocker\;C:\Program Files (x86)\Intel\OpenCL SDK\2.0\bin\x86;C:\Program Files (x86)\Intel\OpenCL SDK\2.0\bin\x64;C:\Program Files\Intel\Intel(R) Management Engine Components\DAL;C:\Program Files\Intel\Intel(R) Management Engine Components\IPT;C:\Program Files (x86)\Intel\Intel(R) Management Engine Components\DAL;C:\Program Files (x86)\Intel\Intel(R) Management Engine Components\IPT;C:\Program Files (x86)\Internet Explorer;C:\Program Files\MATLAB\R2013a\runtime\win64;C:\Program Files\MATLAB\R2013a\bin;C:\Program Files (x86)\Windows Kits\8.1\Windows Performance Toolkit\;C:\Program Files\Microsoft SQL Server\110\Tools\Binn\;C:\Program Files (x86)\QuickTime\QTSystem\;C:\Program Files (x86)\NVIDIA Corporation\PhysX\Common;C:\Program Files (x86)\Skype\Phone\;C:\Program Files (x86)\GtkSharp\2.12\bin;C:\Users\Max\AppData\Local\Enthought\Canopy\User;C:\Users\Max\AppData\Local\Enthought\Canopy\User\Scripts;C:\Users\Max\Desktop\scala-SDK-4.3.0-vfinal-2.11-win32.win32.x86_64\eclipse;
USERNAME=Max
OS=Windows_NT
PROCESSOR_IDENTIFIER=Intel64 Family 6 Model 58 Stepping 9, GenuineIntel



---------------  S Y S T E M  ---------------

OS: Windows 7 , 64 bit Build 7601 (6.1.7601.19160)

CPU:total 8 (4 cores per cpu, 2 threads per core) family 6 model 58 stepping 9, cmov, cx8, fxsr, mmx, sse, sse2, sse3, ssse3, sse4.1, sse4.2, popcnt, avx, aes, clmul, erms, ht, tsc, tscinvbit, tscinv

Memory: 4k page, physical 8223084k(3559132k free), swap 16444332k(10911608k free)

vm_info: Java HotSpot(TM) 64-Bit Server VM (25.77-b03) for windows-amd64 JRE (1.8.0_77-b03), built on Mar 20 2016 22:01:33 by "java_re" with MS VC++ 10.0 (VS2010)

time: Fri Apr 08 13:31:55 2016
elapsed time: 42 seconds (0d 0h 0m 42s)

