#
# A fatal error has been detected by the Java Runtime Environment:
#
#  EXCEPTION_ACCESS_VIOLATION (0xc0000005) at pc=0x000000001e1530d1, pid=6812, tid=6968
#
# JRE version: Java(TM) SE Runtime Environment (8.0_77-b03) (build 1.8.0_77-b03)
# Java VM: Java HotSpot(TM) 64-Bit Server VM (25.77-b03 mixed mode windows-amd64 compressed oops)
# Problematic frame:
# C  [ig7icd64.dll+0x30d1]
#
# Failed to write core dump. Minidumps are not enabled by default on client versions of Windows
#
# If you would like to submit a bug report, please visit:
#   http://bugreport.java.com/bugreport/crash.jsp
# The crash happened outside the Java Virtual Machine in native code.
# See problematic frame for where to report the bug.
#

---------------  T H R E A D  ---------------

Current thread (0x000000001b079000):  JavaThread "main-FPSAWTAnimator#00-Timer0-FPSAWTAnimator#00-Timer1" [_thread_in_native, id=6968, stack(0x0000000022a50000,0x0000000022b50000)]

siginfo: ExceptionCode=0xc0000005, writing address 0x0000000000000000

Registers:
RAX=0x0000000000000001, RBX=0x0000000020650178, RCX=0x0000000000000000, RDX=0x000000001cceddb0
RSP=0x0000000022b4e730, RBP=0x000000000000000a, RSI=0x0000000000000f5c, RDI=0x0000000000000080
R8 =0x0000000000000f5c, R9 =0x000000000000001e, R10=0x0000000000000001, R11=0x0000000000000000
R12=0x000000001dd601a8, R13=0x000000001cceddb0, R14=0x000000001cceddb0, R15=0x0000000000000000
RIP=0x000000001e1530d1, EFLAGS=0x0000000000010203

Top of Stack: (sp=0x0000000022b4e730)
0x0000000022b4e730:   08090a0b0c0d0e0f 0001020304050607
0x0000000022b4e740:   0000000000000000 0000000000000000
0x0000000022b4e750:   0000000000000000 0000000000000000
0x0000000022b4e760:   00000000205b3b40 000000001e1c8f67
0x0000000022b4e770:   0000000020650178 0000000000000002
0x0000000022b4e780:   0000000000000f5c 000000001e295035
0x0000000022b4e790:   00000000000088e4 0000000000000f5c
0x0000000022b4e7a0:   0000000020650110 000000001e352d3e
0x0000000022b4e7b0:   000000001dd601a8 0000000000000000
0x0000000022b4e7c0:   0000000000000000 000000001e3cbc1b
0x0000000022b4e7d0:   000000001b079000 0000000000008892
0x0000000022b4e7e0:   0000000029fbd8c0 0000000000000000
0x0000000022b4e7f0:   00000000d678b2e8 0000000002f0f1f1
0x0000000022b4e800:   0000000022b4e880 0000000000000000
0x0000000022b4e810:   00000000000088e4 00000000002fb820
0x0000000022b4e820:   0000000022b4e860 0000000000000000 

Instructions: (pc=0x000000001e1530d1)
0x000000001e1530b1:   48 83 ef 80 41 8b c2 66 0f 6f 62 30 66 0f 6f 5a
0x000000001e1530c1:   40 66 0f 6f 52 50 66 0f 6f 4a 60 66 0f 6f 42 70
0x000000001e1530d1:   66 0f e7 7f 80 48 83 ea 80 66 0f e7 77 90 66 0f
0x000000001e1530e1:   e7 6f a0 66 0f e7 67 b0 66 0f e7 5f c0 66 0f e7 


Register to memory mapping:

RAX=0x0000000000000001 is an unknown value
RBX=0x0000000020650178 is an unknown value
RCX=0x0000000000000000 is an unknown value
RDX=0x000000001cceddb0 is an unknown value
RSP=0x0000000022b4e730 is pointing into the stack for thread: 0x000000001b079000
RBP=0x000000000000000a is an unknown value
RSI=0x0000000000000f5c is an unknown value
RDI=0x0000000000000080 is an unknown value
R8 =0x0000000000000f5c is an unknown value
R9 =0x000000000000001e is an unknown value
R10=0x0000000000000001 is an unknown value
R11=0x0000000000000000 is an unknown value
R12=0x000000001dd601a8 is an unknown value
R13=0x000000001cceddb0 is an unknown value
R14=0x000000001cceddb0 is an unknown value
R15=0x0000000000000000 is an unknown value


Stack: [0x0000000022a50000,0x0000000022b50000],  sp=0x0000000022b4e730,  free space=1017k
Native frames: (J=compiled Java code, j=interpreted, Vv=VM code, C=native code)
C  [ig7icd64.dll+0x30d1]
C  [ig7icd64.dll+0x78f67]
C  [ig7icd64.dll+0x202d3e]
C  0x0000000002f0f1f1

Java frames: (J=compiled Java code, j=interpreted, Vv=VM code)
J 2242  jogamp.opengl.gl4.GL4bcImpl.dispatch_glBufferDataDelegate1(IJLjava/lang/Object;IZIJ)V (0 bytes) @ 0x0000000002f0f173 [0x0000000002f0f100+0x73]
J 2241 C1 jogamp.opengl.gl4.GL4bcImpl.glBufferDataDelegate(IJLjava/nio/Buffer;I)V (92 bytes) @ 0x0000000002f14abc [0x0000000002f13f20+0xb9c]
J 2239 C1 jogamp.opengl.gl4.GL4bcImpl$1.create(IJLjava/nio/Buffer;I)V (14 bytes) @ 0x0000000002f0ed0c [0x0000000002f0ec40+0xcc]
J 2247 C1 jogamp.opengl.GLBufferObjectTracker.createBufferStorage(Ljogamp/opengl/GLBufferStateTracker;Lcom/jogamp/opengl/GL;IJLjava/nio/Buffer;IILjogamp/opengl/GLBufferObjectTracker$CreateStorageDispatch;)V (457 bytes) @ 0x0000000002f1a89c [0x0000000002f185c0+0x22dc]
J 2196 C1 jogamp.opengl.gl4.GL4bcImpl.glBufferData(IJLjava/nio/Buffer;I)V (24 bytes) @ 0x0000000002efad7c [0x0000000002efac40+0x13c]
J 2195 C1 processing.opengl.PJOGL.bufferData(IILjava/nio/Buffer;I)V (16 bytes) @ 0x0000000002efa8cc [0x0000000002efa7c0+0x10c]
j  processing.opengl.PGraphicsOpenGL.updatePolyBuffers(ZZZZ)V+120
J 2438 C1 processing.opengl.PGraphicsOpenGL.flushPolys()V (699 bytes) @ 0x0000000002fc9f9c [0x0000000002fc9c00+0x39c]
J 2318 C1 processing.opengl.PGraphicsOpenGL.flush()V (310 bytes) @ 0x0000000002f662f4 [0x0000000002f65b80+0x774]
j  processing.opengl.PGraphicsOpenGL.hint(I)V+37
j  processing.core.PApplet.hint(I)V+20
j  brabra.Brabra.draw()V+9
j  processing.core.PApplet.handleDraw()V+161
j  processing.opengl.PSurfaceJOGL$DrawListener.display(Lcom/jogamp/opengl/GLAutoDrawable;)V+107
j  jogamp.opengl.GLDrawableHelper.displayImpl(Lcom/jogamp/opengl/GLAutoDrawable;)V+62
j  jogamp.opengl.GLDrawableHelper.display(Lcom/jogamp/opengl/GLAutoDrawable;)V+2
j  jogamp.opengl.GLAutoDrawableBase$2.run()V+59
j  jogamp.opengl.GLDrawableHelper.invokeGLImpl(Lcom/jogamp/opengl/GLDrawable;Lcom/jogamp/opengl/GLContext;Ljava/lang/Runnable;Ljava/lang/Runnable;)V+203
j  jogamp.opengl.GLDrawableHelper.invokeGL(Lcom/jogamp/opengl/GLDrawable;Lcom/jogamp/opengl/GLContext;Ljava/lang/Runnable;Ljava/lang/Runnable;)V+72
j  com.jogamp.newt.opengl.GLWindow.display()V+90
j  com.jogamp.opengl.util.AWTAnimatorImpl.display(Ljava/util/ArrayList;ZZ)V+68
j  com.jogamp.opengl.util.AnimatorBase.display()V+16
j  com.jogamp.opengl.util.FPSAnimator$MainTask.run()V+216
j  java.util.TimerThread.mainLoop()V+221
j  java.util.TimerThread.run()V+1
v  ~StubRoutines::call_stub

---------------  P R O C E S S  ---------------

Java Threads: ( => current thread )
  0x00000000189ed800 JavaThread "Prism Font Disposer" daemon [_thread_blocked, id=5328, stack(0x0000000029bd0000,0x0000000029cd0000)]
  0x00000000189ec000 JavaThread "Thread-11" daemon [_thread_in_native, id=6448, stack(0x0000000029820000,0x0000000029920000)]
  0x00000000189eb000 JavaThread "JavaFX Application Thread" [_thread_in_native, id=7012, stack(0x0000000028050000,0x0000000028150000)]
  0x00000000189ea800 JavaThread "Thread-10" daemon [_thread_blocked, id=5864, stack(0x0000000023f30000,0x0000000024030000)]
  0x00000000189e9800 JavaThread "QuantumRenderer-0" daemon [_thread_blocked, id=4116, stack(0x00000000235b0000,0x00000000236b0000)]
  0x00000000189e8000 JavaThread "JavaFX-Launcher" [_thread_blocked, id=5228, stack(0x0000000023420000,0x0000000023520000)]
  0x000000001cce8000 JavaThread "Thread-7" [_thread_blocked, id=6908, stack(0x0000000023300000,0x0000000023400000)]
  0x000000001b085800 JavaThread "AWT-EventQueue-0" [_thread_blocked, id=1156, stack(0x0000000023000000,0x0000000023100000)]
  0x000000001b07c000 JavaThread "AWT-Shutdown" [_thread_blocked, id=6936, stack(0x0000000022c00000,0x0000000022d00000)]
=>0x000000001b079000 JavaThread "main-FPSAWTAnimator#00-Timer0-FPSAWTAnimator#00-Timer1" [_thread_in_native, id=6968, stack(0x0000000022a50000,0x0000000022b50000)]
  0x000000000220f000 JavaThread "DestroyJavaVM" [_thread_blocked, id=5608, stack(0x00000000023d0000,0x00000000024d0000)]
  0x000000001ac9a800 JavaThread "Thread-3" [_thread_blocked, id=1180, stack(0x000000001fdb0000,0x000000001feb0000)]
  0x000000001aed5000 JavaThread "main-SharedResourceRunner" daemon [_thread_blocked, id=5428, stack(0x000000001ddf0000,0x000000001def0000)]
  0x000000001c80d000 JavaThread "main-Display-.windows_nil-1-EDT-1" daemon [_thread_in_native, id=3036, stack(0x000000001d7f0000,0x000000001d8f0000)]
  0x000000001a908800 JavaThread "AWT-Windows" daemon [_thread_in_native, id=4792, stack(0x000000001b560000,0x000000001b660000)]
  0x000000001a907000 JavaThread "Java2D Disposer" daemon [_thread_blocked, id=3516, stack(0x000000001b320000,0x000000001b420000)]
  0x0000000018a76800 JavaThread "Service Thread" daemon [_thread_blocked, id=2592, stack(0x000000001a7b0000,0x000000001a8b0000)]
  0x00000000189e6000 JavaThread "C1 CompilerThread3" daemon [_thread_blocked, id=7056, stack(0x000000001a610000,0x000000001a710000)]
  0x00000000189e5000 JavaThread "C2 CompilerThread2" daemon [_thread_blocked, id=6384, stack(0x000000001a200000,0x000000001a300000)]
  0x00000000189de000 JavaThread "C2 CompilerThread1" daemon [_thread_blocked, id=4176, stack(0x000000001a360000,0x000000001a460000)]
  0x00000000189d9000 JavaThread "C2 CompilerThread0" daemon [_thread_blocked, id=4100, stack(0x0000000019fb0000,0x000000001a0b0000)]
  0x00000000189d3800 JavaThread "Attach Listener" daemon [_thread_blocked, id=5900, stack(0x000000001a0f0000,0x000000001a1f0000)]
  0x00000000189d2000 JavaThread "Signal Dispatcher" daemon [_thread_blocked, id=2072, stack(0x0000000019e00000,0x0000000019f00000)]
  0x0000000017811000 JavaThread "Finalizer" daemon [_thread_blocked, id=6388, stack(0x00000000199e0000,0x0000000019ae0000)]
  0x000000001780a000 JavaThread "Reference Handler" daemon [_thread_blocked, id=2548, stack(0x0000000019b80000,0x0000000019c80000)]

Other Threads:
  0x0000000017803000 VMThread [stack: 0x00000000198d0000,0x00000000199d0000] [id=6492]
  0x0000000018a9d800 WatcherThread [stack: 0x000000001a4d0000,0x000000001a5d0000] [id=3312]

VM state:not at safepoint (normal execution)

VM Mutex/Monitor currently owned by a thread: None

Heap:
 PSYoungGen      total 70656K, used 11374K [0x00000000d6300000, 0x00000000e3500000, 0x0000000100000000)
  eden space 65536K, 17% used [0x00000000d6300000,0x00000000d6e1bb88,0x00000000da300000)
  from space 5120K, 0% used [0x00000000da300000,0x00000000da300000,0x00000000da800000)
  to   space 41984K, 0% used [0x00000000e0c00000,0x00000000e0c00000,0x00000000e3500000)
 ParOldGen       total 196096K, used 95986K [0x0000000082800000, 0x000000008e780000, 0x00000000d6300000)
  object space 196096K, 48% used [0x0000000082800000,0x00000000885bca00,0x000000008e780000)
 Metaspace       used 27422K, capacity 28070K, committed 28288K, reserved 1075200K
  class space    used 3234K, capacity 3413K, committed 3456K, reserved 1048576K

Card table byte_map: [0x0000000011b60000,0x0000000011f50000] byte_map_base: 0x000000001174c000

Marking Bits: (ParMarkBitMap*) 0x0000000051e60600
 Begin Bits: [0x0000000012b70000, 0x0000000014ad0000)
 End Bits:   [0x0000000014ad0000, 0x0000000016a30000)

Polling page: 0x0000000000420000

CodeCache: size=245760Kb used=8564Kb max_used=8585Kb free=237195Kb
 bounds [0x00000000027a0000, 0x0000000003010000, 0x00000000117a0000]
 total_blobs=3673 nmethods=2520 adapters=1065
 compilation: enabled

Compilation events (10 events):
Event: 8.819 Thread 0x00000000189e6000 2517       3       java.util.ArrayList::addAll (54 bytes)
Event: 8.819 Thread 0x00000000189e6000 nmethod 2517 0x0000000002ffdd90 code [0x0000000002ffdf40, 0x0000000002ffe5a8]
Event: 8.851 Thread 0x00000000189e5000 2518       4       processing.core.PVector::magSq (30 bytes)
Event: 8.851 Thread 0x00000000189de000 2519       4       brabra.game.physic.geo.Quaternion::normSq (40 bytes)
Event: 8.851 Thread 0x00000000189de000 nmethod 2519 0x0000000002ffc650 code [0x0000000002ffc780, 0x0000000002ffc818]
Event: 8.851 Thread 0x00000000189e5000 nmethod 2518 0x0000000002ffc450 code [0x0000000002ffc580, 0x0000000002ffc5f8]
Event: 8.884 Thread 0x00000000189e6000 2520       1       jogamp.opengl.GLDrawableImpl::isRealized (5 bytes)
Event: 8.884 Thread 0x00000000189e6000 nmethod 2520 0x0000000002ffc190 code [0x0000000002ffc2e0, 0x0000000002ffc3f0]
Event: 8.917 Thread 0x00000000189e6000 2521       1       jogamp.opengl.GLContextImpl::getGL (5 bytes)
Event: 8.917 Thread 0x00000000189e6000 nmethod 2521 0x0000000002ffbed0 code [0x0000000002ffc020, 0x0000000002ffc130]

GC Heap History (10 events):
Event: 2.012 GC heap before
{Heap before GC invocations=3 (full 0):
 PSYoungGen      total 37888K, used 32651K [0x00000000d6300000, 0x00000000dad00000, 0x0000000100000000)
  eden space 32768K, 88% used [0x00000000d6300000,0x00000000d7f60348,0x00000000d8300000)
  from space 5120K, 70% used [0x00000000d8800000,0x00000000d8b82b90,0x00000000d8d00000)
  to   space 5120K, 0% used [0x00000000d8300000,0x00000000d8300000,0x00000000d8800000)
 ParOldGen       total 86016K, used 32K [0x0000000082800000, 0x0000000087c00000, 0x00000000d6300000)
  object space 86016K, 0% used [0x0000000082800000,0x0000000082808268,0x0000000087c00000)
 Metaspace       used 16929K, capacity 17170K, committed 17408K, reserved 1064960K
  class space    used 1651K, capacity 1731K, committed 1792K, reserved 1048576K
Event: 2.016 GC heap after
Heap after GC invocations=3 (full 0):
 PSYoungGen      total 37888K, used 5091K [0x00000000d6300000, 0x00000000dad00000, 0x0000000100000000)
  eden space 32768K, 0% used [0x00000000d6300000,0x00000000d6300000,0x00000000d8300000)
  from space 5120K, 99% used [0x00000000d8300000,0x00000000d87f8d68,0x00000000d8800000)
  to   space 5120K, 0% used [0x00000000da800000,0x00000000da800000,0x00000000dad00000)
 ParOldGen       total 86016K, used 1125K [0x0000000082800000, 0x0000000087c00000, 0x00000000d6300000)
  object space 86016K, 1% used [0x0000000082800000,0x0000000082919600,0x0000000087c00000)
 Metaspace       used 16929K, capacity 17170K, committed 17408K, reserved 1064960K
  class space    used 1651K, capacity 1731K, committed 1792K, reserved 1048576K
}
Event: 2.192 GC heap before
{Heap before GC invocations=4 (full 0):
 PSYoungGen      total 37888K, used 37853K [0x00000000d6300000, 0x00000000dad00000, 0x0000000100000000)
  eden space 32768K, 99% used [0x00000000d6300000,0x00000000d82fe7c8,0x00000000d8300000)
  from space 5120K, 99% used [0x00000000d8300000,0x00000000d87f8d68,0x00000000d8800000)
  to   space 5120K, 0% used [0x00000000da800000,0x00000000da800000,0x00000000dad00000)
 ParOldGen       total 86016K, used 34875K [0x0000000082800000, 0x0000000087c00000, 0x00000000d6300000)
  object space 86016K, 40% used [0x0000000082800000,0x0000000084a0ee10,0x0000000087c00000)
 Metaspace       used 17182K, capacity 17458K, committed 17664K, reserved 1064960K
  class space    used 1687K, capacity 1763K, committed 1792K, reserved 1048576K
Event: 2.197 GC heap after
Heap after GC invocations=4 (full 0):
 PSYoungGen      total 70656K, used 5101K [0x00000000d6300000, 0x00000000dad00000, 0x0000000100000000)
  eden space 65536K, 0% used [0x00000000d6300000,0x00000000d6300000,0x00000000da300000)
  from space 5120K, 99% used [0x00000000da800000,0x00000000dacfb6f8,0x00000000dad00000)
  to   space 5120K, 0% used [0x00000000da300000,0x00000000da300000,0x00000000da800000)
 ParOldGen       total 86016K, used 42470K [0x0000000082800000, 0x0000000087c00000, 0x00000000d6300000)
  object space 86016K, 49% used [0x0000000082800000,0x0000000085179958,0x0000000087c00000)
 Metaspace       used 17182K, capacity 17458K, committed 17664K, reserved 1064960K
  class space    used 1687K, capacity 1763K, committed 1792K, reserved 1048576K
}
Event: 2.530 GC heap before
{Heap before GC invocations=5 (full 0):
 PSYoungGen      total 70656K, used 66881K [0x00000000d6300000, 0x00000000dad00000, 0x0000000100000000)
  eden space 65536K, 94% used [0x00000000d6300000,0x00000000d9f54fe0,0x00000000da300000)
  from space 5120K, 99% used [0x00000000da800000,0x00000000dacfb6f8,0x00000000dad00000)
  to   space 5120K, 0% used [0x00000000da300000,0x00000000da300000,0x00000000da800000)
 ParOldGen       total 86016K, used 42470K [0x0000000082800000, 0x0000000087c00000, 0x00000000d6300000)
  object space 86016K, 49% used [0x0000000082800000,0x0000000085179958,0x0000000087c00000)
 Metaspace       used 17551K, capacity 17780K, committed 17920K, reserved 1064960K
  class space    used 1711K, capacity 1764K, committed 1792K, reserved 1048576K
Event: 2.548 GC heap after
Heap after GC invocations=5 (full 0):
 PSYoungGen      total 70656K, used 5091K [0x00000000d6300000, 0x00000000e3500000, 0x0000000100000000)
  eden space 65536K, 0% used [0x00000000d6300000,0x00000000d6300000,0x00000000da300000)
  from space 5120K, 99% used [0x00000000da300000,0x00000000da7f8d50,0x00000000da800000)
  to   space 41984K, 0% used [0x00000000e0c00000,0x00000000e0c00000,0x00000000e3500000)
 ParOldGen       total 90624K, used 88677K [0x0000000082800000, 0x0000000088080000, 0x00000000d6300000)
  object space 90624K, 97% used [0x0000000082800000,0x0000000087e99648,0x0000000088080000)
 Metaspace       used 17551K, capacity 17780K, committed 17920K, reserved 1064960K
  class space    used 1711K, capacity 1764K, committed 1792K, reserved 1048576K
}
Event: 2.548 GC heap before
{Heap before GC invocations=6 (full 1):
 PSYoungGen      total 70656K, used 5091K [0x00000000d6300000, 0x00000000e3500000, 0x0000000100000000)
  eden space 65536K, 0% used [0x00000000d6300000,0x00000000d6300000,0x00000000da300000)
  from space 5120K, 99% used [0x00000000da300000,0x00000000da7f8d50,0x00000000da800000)
  to   space 41984K, 0% used [0x00000000e0c00000,0x00000000e0c00000,0x00000000e3500000)
 ParOldGen       total 90624K, used 88677K [0x0000000082800000, 0x0000000088080000, 0x00000000d6300000)
  object space 90624K, 97% used [0x0000000082800000,0x0000000087e99648,0x0000000088080000)
 Metaspace       used 17551K, capacity 17780K, committed 17920K, reserved 1064960K
  class space    used 1711K, capacity 1764K, committed 1792K, reserved 1048576K
Event: 2.574 GC heap after
Heap after GC invocations=6 (full 1):
 PSYoungGen      total 70656K, used 0K [0x00000000d6300000, 0x00000000e3500000, 0x0000000100000000)
  eden space 65536K, 0% used [0x00000000d6300000,0x00000000d6300000,0x00000000da300000)
  from space 5120K, 0% used [0x00000000da300000,0x00000000da300000,0x00000000da800000)
  to   space 41984K, 0% used [0x00000000e0c00000,0x00000000e0c00000,0x00000000e3500000)
 ParOldGen       total 166400K, used 82192K [0x0000000082800000, 0x000000008ca80000, 0x00000000d6300000)
  object space 166400K, 49% used [0x0000000082800000,0x00000000878443a0,0x000000008ca80000)
 Metaspace       used 17551K, capacity 17780K, committed 17920K, reserved 1064960K
  class space    used 1711K, capacity 1764K, committed 1792K, reserved 1048576K
}
Event: 4.905 GC heap before
{Heap before GC invocations=7 (full 2):
 PSYoungGen      total 70656K, used 64447K [0x00000000d6300000, 0x00000000e3500000, 0x0000000100000000)
  eden space 65536K, 98% used [0x00000000d6300000,0x00000000da1efd30,0x00000000da300000)
  from space 5120K, 0% used [0x00000000da300000,0x00000000da300000,0x00000000da800000)
  to   space 41984K, 0% used [0x00000000e0c00000,0x00000000e0c00000,0x00000000e3500000)
 ParOldGen       total 166400K, used 149692K [0x0000000082800000, 0x000000008ca80000, 0x00000000d6300000)
  object space 166400K, 89% used [0x0000000082800000,0x000000008ba2f3c0,0x000000008ca80000)
 Metaspace       used 27078K, capacity 27694K, committed 27776K, reserved 1073152K
  class space    used 3222K, capacity 3377K, committed 3456K, reserved 1048576K
Event: 4.948 GC heap after
Heap after GC invocations=7 (full 2):
 PSYoungGen      total 70656K, used 0K [0x00000000d6300000, 0x00000000e3500000, 0x0000000100000000)
  eden space 65536K, 0% used [0x00000000d6300000,0x00000000d6300000,0x00000000da300000)
  from space 5120K, 0% used [0x00000000da300000,0x00000000da300000,0x00000000da800000)
  to   space 41984K, 0% used [0x00000000e0c00000,0x00000000e0c00000,0x00000000e3500000)
 ParOldGen       total 196096K, used 95986K [0x0000000082800000, 0x000000008e780000, 0x00000000d6300000)
  object space 196096K, 48% used [0x0000000082800000,0x00000000885bca00,0x000000008e780000)
 Metaspace       used 27078K, capacity 27694K, committed 27776K, reserved 1073152K
  class space    used 3222K, capacity 3377K, committed 3456K, reserved 1048576K
}

Deoptimization events (10 events):
Event: 4.654 Thread 0x000000001b079000 Uncommon trap: reason=class_check action=maybe_recompile pc=0x0000000002d03778 method=com.jogamp.common.nio.Buffers.isDirect(Ljava/lang/Object;)Z @ 7
Event: 4.654 Thread 0x000000001b079000 Uncommon trap: reason=class_check action=maybe_recompile pc=0x0000000002d073fc method=com.jogamp.common.nio.Buffers.getDirectBufferByteOffset(Ljava/lang/Object;)I @ 7
Event: 4.670 Thread 0x000000001b079000 Uncommon trap: reason=unstable_if action=reinterpret pc=0x0000000002d03788 method=com.jogamp.common.nio.Buffers.isDirect(Ljava/lang/Object;)Z @ 1
Event: 4.670 Thread 0x000000001b079000 Uncommon trap: reason=unstable_if action=reinterpret pc=0x0000000002d0740c method=com.jogamp.common.nio.Buffers.getDirectBufferByteOffset(Ljava/lang/Object;)I @ 1
Event: 4.679 Thread 0x000000001b079000 Uncommon trap: reason=predicate action=maybe_recompile pc=0x0000000002e9467c method=java.util.regex.Pattern$Slice.match(Ljava/util/regex/Matcher;ILjava/lang/CharSequence;)Z @ 21
Event: 4.708 Thread 0x000000001b079000 Uncommon trap: reason=unstable_if action=reinterpret pc=0x0000000002d1858c method=com.jogamp.common.nio.Buffers.rangeCheckBytes(Ljava/lang/Object;I)V @ 1
Event: 7.768 Thread 0x00000000189eb000 Uncommon trap: reason=array_check action=maybe_recompile pc=0x0000000002e47b20 method=java.util.AbstractCollection.toArray([Ljava/lang/Object;)[Ljava/lang/Object; @ 119
Event: 7.768 Thread 0x00000000189eb000 Uncommon trap: reason=array_check action=maybe_recompile pc=0x0000000002e47b20 method=java.util.AbstractCollection.toArray([Ljava/lang/Object;)[Ljava/lang/Object; @ 119
Event: 7.768 Thread 0x00000000189eb000 Uncommon trap: reason=array_check action=maybe_recompile pc=0x0000000002e47b20 method=java.util.AbstractCollection.toArray([Ljava/lang/Object;)[Ljava/lang/Object; @ 119
Event: 7.769 Thread 0x00000000189eb000 Uncommon trap: reason=array_check action=maybe_recompile pc=0x0000000002e47b20 method=java.util.AbstractCollection.toArray([Ljava/lang/Object;)[Ljava/lang/Object; @ 119

Internal exceptions (10 events):
Event: 2.619 Thread 0x000000001b072800 Exception <a 'java/lang/ClassNotFoundException': sun/net/www/protocol/c/Handler> (0x00000000d6bf6130) thrown at [D:\re\workspace\8-2-build-windows-amd64-cygwin\jdk8u77\6540\hotspot\src\share\vm\classfile\systemDictionary.cpp, line 210]
Event: 2.668 Thread 0x000000001b072800 Exception <a 'java/lang/ClassNotFoundException': sun/net/www/protocol/c/Handler> (0x00000000d7b68328) thrown at [D:\re\workspace\8-2-build-windows-amd64-cygwin\jdk8u77\6540\hotspot\src\share\vm\classfile\systemDictionary.cpp, line 210]
Event: 2.814 Thread 0x00000000189e8000 Exception <a 'java/lang/NullPointerException'> (0x00000000d7f80ee8) thrown at [D:\re\workspace\8-2-build-windows-amd64-cygwin\jdk8u77\6540\hotspot\src\share\vm\interpreter\linkResolver.cpp, line 1178]
Event: 3.051 Thread 0x00000000189eb000 Exception <a 'java/lang/NullPointerException'> (0x00000000d86b8678) thrown at [D:\re\workspace\8-2-build-windows-amd64-cygwin\jdk8u77\6540\hotspot\src\share\vm\interpreter\linkResolver.cpp, line 1178]
Event: 3.051 Thread 0x00000000189eb000 Exception <a 'java/lang/NullPointerException'> (0x00000000d86b8678) thrown at [D:\re\workspace\8-2-build-windows-amd64-cygwin\jdk8u77\6540\hotspot\src\share\vm\prims\jvm.cpp, line 1390]
Event: 3.152 Thread 0x00000000189eb000 Implicit null exception at 0x0000000002b96fd8 to 0x0000000002b97066
Event: 3.271 Thread 0x00000000189eb000 Implicit null exception at 0x0000000002a179af to 0x0000000002a17a19
Event: 4.670 Thread 0x000000001b079000 Implicit null exception at 0x0000000002d0374c to 0x0000000002d03779
Event: 4.670 Thread 0x000000001b079000 Implicit null exception at 0x0000000002d073cc to 0x0000000002d073fd
Event: 4.707 Thread 0x000000001b079000 Implicit null exception at 0x0000000002d1852c to 0x0000000002d18579

Events (10 events):
Event: 7.769 Thread 0x00000000189eb000 DEOPT PACKING pc=0x0000000002e47b20 sp=0x000000002814d910
Event: 7.769 Thread 0x00000000189eb000 DEOPT UNPACKING pc=0x00000000027e582a sp=0x000000002814d8c8 mode 2
Event: 7.774 loading class com/sun/javafx/sg/prism/NGPerspectiveCamera
Event: 7.774 loading class com/sun/javafx/sg/prism/NGPerspectiveCamera done
Event: 7.774 loading class com/sun/javafx/geom/transform/TransformHelper
Event: 7.774 loading class com/sun/javafx/geom/transform/TransformHelper done
Event: 7.775 loading class com/sun/javafx/geom/DirtyRegionPool$PoolItem
Event: 7.775 loading class com/sun/javafx/geom/DirtyRegionPool$PoolItem done
Event: 7.776 loading class com/sun/javafx/sg/prism/NGNode$RenderRootResult
Event: 7.776 loading class com/sun/javafx/sg/prism/NGNode$RenderRootResult done


Dynamic libraries:
0x000000013f040000 - 0x000000013f077000 	C:\Program Files\Java\jre1.8.0_77\bin\javaw.exe
0x0000000077240000 - 0x00000000773ea000 	C:\Windows\SYSTEM32\ntdll.dll
0x0000000077020000 - 0x000000007713f000 	C:\Windows\system32\kernel32.dll
0x000007fefcfe0000 - 0x000007fefd04b000 	C:\Windows\system32\KERNELBASE.dll
0x000007fefdfb0000 - 0x000007fefe08b000 	C:\Windows\system32\ADVAPI32.dll
0x000007fefd8f0000 - 0x000007fefd98f000 	C:\Windows\system32\msvcrt.dll
0x000007fefdca0000 - 0x000007fefdcbf000 	C:\Windows\SYSTEM32\sechost.dll
0x000007fefdb70000 - 0x000007fefdc9d000 	C:\Windows\system32\RPCRT4.dll
0x0000000077140000 - 0x000000007723a000 	C:\Windows\system32\USER32.dll
0x000007fefd660000 - 0x000007fefd6c7000 	C:\Windows\system32\GDI32.dll
0x000007fefd8e0000 - 0x000007fefd8ee000 	C:\Windows\system32\LPK.dll
0x000007feff140000 - 0x000007feff20a000 	C:\Windows\system32\USP10.dll
0x000007fefb870000 - 0x000007fefba64000 	C:\Windows\WinSxS\amd64_microsoft.windows.common-controls_6595b64144ccf1df_6.0.7601.18837_none_fa3b1e3d17594757\COMCTL32.dll
0x000007feff240000 - 0x000007feff2b1000 	C:\Windows\system32\SHLWAPI.dll
0x000007feff210000 - 0x000007feff23e000 	C:\Windows\system32\IMM32.DLL
0x000007fefd9e0000 - 0x000007fefdae9000 	C:\Windows\system32\MSCTF.dll
0x000007fefcef0000 - 0x000007fefcf21000 	C:\Windows\system32\nvinitx.dll
0x000007fefcee0000 - 0x000007fefceec000 	C:\Windows\system32\VERSION.dll
0x00000000737a0000 - 0x00000000737a6000 	C:\Program Files\NVIDIA Corporation\CoProcManager\detoured.dll
0x000007fef9800000 - 0x000007fef9832000 	C:\Program Files\NVIDIA Corporation\CoProcManager\nvd3d9wrapx.dll
0x000007fefeec0000 - 0x000007feff097000 	C:\Windows\system32\SETUPAPI.dll
0x000007fefd0f0000 - 0x000007fefd126000 	C:\Windows\system32\CFGMGR32.dll
0x000007fefdd40000 - 0x000007fefde18000 	C:\Windows\system32\OLEAUT32.dll
0x000007fefd6d0000 - 0x000007fefd8d3000 	C:\Windows\system32\ole32.dll
0x000007fefd320000 - 0x000007fefd33a000 	C:\Windows\system32\DEVOBJ.dll
0x000007fef97d0000 - 0x000007fef97f2000 	C:\Program Files\NVIDIA Corporation\CoProcManager\nvdxgiwrapx.dll
0x000000006b640000 - 0x000000006b712000 	C:\Program Files\Java\jre1.8.0_77\bin\msvcr100.dll
0x0000000051650000 - 0x0000000051ee0000 	C:\Program Files\Java\jre1.8.0_77\bin\server\jvm.dll
0x000007fef6030000 - 0x000007fef6039000 	C:\Windows\system32\WSOCK32.dll
0x000007fefd990000 - 0x000007fefd9dd000 	C:\Windows\system32\WS2_32.dll
0x000007fefd380000 - 0x000007fefd388000 	C:\Windows\system32\NSI.dll
0x000007fef9840000 - 0x000007fef987b000 	C:\Windows\system32\WINMM.dll
0x0000000077400000 - 0x0000000077407000 	C:\Windows\system32\PSAPI.DLL
0x0000000051640000 - 0x000000005164f000 	C:\Program Files\Java\jre1.8.0_77\bin\verify.dll
0x0000000051610000 - 0x0000000051639000 	C:\Program Files\Java\jre1.8.0_77\bin\java.dll
0x00000000515f0000 - 0x0000000051606000 	C:\Program Files\Java\jre1.8.0_77\bin\zip.dll
0x000007fefe130000 - 0x000007fefeeba000 	C:\Windows\system32\SHELL32.dll
0x000007fefcfc0000 - 0x000007fefcfcf000 	C:\Windows\system32\profapi.dll
0x000000006f0e0000 - 0x000000006f278000 	C:\Program Files\Java\jre1.8.0_77\bin\awt.dll
0x000007fefb230000 - 0x000007fefb248000 	C:\Windows\system32\DWMAPI.DLL
0x000007fefb690000 - 0x000007fefb6e6000 	C:\Windows\system32\uxtheme.dll
0x000007fefcdd0000 - 0x000007fefcddf000 	C:\Windows\system32\CRYPTBASE.dll
0x0000000180000000 - 0x000000018004a000 	C:\Program Files\Acer\Acer ePower Management\SysHook.dll
0x000007fef8f70000 - 0x000007fef8fe1000 	C:\Windows\system32\WINSPOOL.DRV
0x000007fefc770000 - 0x000007fefc788000 	C:\Windows\system32\CRYPTSP.dll
0x000007fefc470000 - 0x000007fefc4b7000 	C:\Windows\system32\rsaenh.dll
0x000007fefd340000 - 0x000007fefd35e000 	C:\Windows\system32\USERENV.dll
0x00000000515d0000 - 0x00000000515ea000 	C:\Program Files\Java\jre1.8.0_77\bin\net.dll
0x000007fefc710000 - 0x000007fefc765000 	C:\Windows\system32\mswsock.dll
0x000007fefc700000 - 0x000007fefc707000 	C:\Windows\System32\wship6.dll
0x000007fefa4a0000 - 0x000007fefa4c7000 	C:\Windows\system32\IPHLPAPI.DLL
0x000007fefa420000 - 0x000007fefa42b000 	C:\Windows\system32\WINNSI.DLL
0x000007fefa1a0000 - 0x000007fefa1b8000 	C:\Windows\system32\dhcpcsvc.DLL
0x000007fef9640000 - 0x000007fef9651000 	C:\Windows\system32\dhcpcsvc6.DLL
0x00000000515b0000 - 0x00000000515c1000 	C:\Program Files\Java\jre1.8.0_77\bin\nio.dll
0x000007fefcd70000 - 0x000007fefcdc7000 	C:\Windows\system32\apphelp.dll
0x00000000637c0000 - 0x00000000637cd000 	C:\Users\Max\AppData\Local\Temp\jogamp_0000\file_cache\jln4881690975273794103\jln5264073313163742772\natives\windows-amd64\gluegen-rt.dll
0x000000006b630000 - 0x000000006b637000 	C:\Program Files\Java\jre1.8.0_77\bin\jawt.dll
0x000000006a440000 - 0x000000006a44d000 	C:\Users\Max\AppData\Local\Temp\jogamp_0000\file_cache\jln4881690975273794103\jln5264073313163742772\natives\windows-amd64\nativewindow_awt.dll
0x000000006c100000 - 0x000000006c10f000 	C:\Users\Max\AppData\Local\Temp\jogamp_0000\file_cache\jln4881690975273794103\jln5264073313163742772\natives\windows-amd64\nativewindow_win32.dll
0x000000006cbc0000 - 0x000000006cbd3000 	C:\Users\Max\AppData\Local\Temp\jogamp_0000\file_cache\jln4881690975273794103\jln5264073313163742772\natives\windows-amd64\newt.dll
0x000007fef9880000 - 0x000007fef991c000 	C:\Windows\system32\mscms.dll
0x000007fef8890000 - 0x000007fef88d2000 	C:\Windows\system32\icm32.dll
0x000007fefd130000 - 0x000007fefd16b000 	C:\Windows\system32\WINTRUST.dll
0x000007fefd1b0000 - 0x000007fefd31d000 	C:\Windows\system32\CRYPT32.dll
0x0000000001f80000 - 0x0000000001f8f000 	C:\Windows\system32\MSASN1.dll
0x000007fef8770000 - 0x000007fef888d000 	C:\Windows\system32\OpenGL32.dll
0x000007fef8900000 - 0x000007fef892d000 	C:\Windows\system32\GLU32.dll
0x000007fef2680000 - 0x000007fef2771000 	C:\Windows\system32\DDRAW.dll
0x000007fefa970000 - 0x000007fefa978000 	C:\Windows\system32\DCIMAN32.dll
0x0000000064500000 - 0x00000000645b1000 	C:\Users\Max\AppData\Local\Temp\jogamp_0000\file_cache\jln4881690975273794103\jln5264073313163742772\natives\windows-amd64\jogl_desktop.dll
0x0000000064340000 - 0x00000000643a2000 	C:\Users\Max\AppData\Local\Temp\jogamp_0000\file_cache\jln4881690975273794103\jln5264073313163742772\natives\windows-amd64\jogl_mobile.dll
0x000000001e150000 - 0x000000001f1cc000 	C:\Windows\system32\ig7icd64.dll
0x000007feff0a0000 - 0x000007feff139000 	C:\Windows\system32\CLBCatQ.DLL
0x000000006b5e0000 - 0x000000006b627000 	C:\Program Files\Java\jre1.8.0_77\bin\fontmanager.dll
0x000000006b5a0000 - 0x000000006b5d1000 	C:\Program Files\Java\jre1.8.0_77\bin\jpeg.dll
0x000000006b550000 - 0x000000006b592000 	C:\Program Files\Java\jre1.8.0_77\bin\t2k.dll
0x000007fef8680000 - 0x000007fef876f000 	C:\Program Files\Java\jre1.8.0_77\bin\msvcr120.dll
0x000007fef85d0000 - 0x000007fef8676000 	C:\Program Files\Java\jre1.8.0_77\bin\msvcp120.dll
0x0000000050790000 - 0x00000000507b3000 	C:\Program Files\Java\jre1.8.0_77\bin\prism_d3d.dll
0x000007fee72f0000 - 0x000007fee74ef000 	C:\Windows\system32\d3d9.dll
0x000007fee87e0000 - 0x000007fee87e7000 	C:\Windows\system32\d3d8thk.dll
0x000007fef8b60000 - 0x000007fef8bde000 	C:\Windows\system32\nvumdshimx.dll
0x00000000236b0000 - 0x0000000023e7a000 	C:\Windows\system32\igdumd64.dll
0x0000000050740000 - 0x0000000050783000 	C:\Program Files\Java\jre1.8.0_77\bin\glass.dll
0x000007fefe090000 - 0x000007fefe127000 	C:\Windows\system32\COMDLG32.dll
0x000000006b530000 - 0x000000006b544000 	C:\Program Files\Java\jre1.8.0_77\bin\javafx_font.dll
0x000007fee0bb0000 - 0x000007fee0d47000 	C:\Windows\system32\dwrite.dll
0x000007fefb080000 - 0x000007fefb1e1000 	C:\Windows\system32\WindowsCodecs.dll
0x000007fef7050000 - 0x000007fef7085000 	C:\Windows\system32\EhStorShell.dll
0x000007fefb6f0000 - 0x000007fefb81c000 	C:\Windows\system32\PROPSYS.dll
0x000007fef6dc0000 - 0x000007fef6e40000 	C:\Windows\system32\ntshrui.dll
0x000007fefc9f0000 - 0x000007fefca13000 	C:\Windows\system32\srvcli.dll
0x000007fef8be0000 - 0x000007fef8bef000 	C:\Windows\system32\cscapi.dll
0x000007fefaa00000 - 0x000007fefaa0b000 	C:\Windows\system32\slc.dll
0x000007fef8a20000 - 0x000007fef8a28000 	C:\Windows\system32\IconCodecService.dll
0x000007fef85a0000 - 0x000007fef85cd000 	C:\Program Files\Common Files\Microsoft Shared\Ink\rtscom.dll
0x00000000507d0000 - 0x00000000507e1000 	C:\Program Files\Java\jre1.8.0_77\bin\prism_common.dll
0x000007fef5010000 - 0x000007fef5135000 	C:\Windows\system32\dbghelp.dll

VM Arguments:
jvm_args: -ea -Dfile.encoding=UTF-8 
java_command: brabra.Brabra
java_class_path (initial): C:\Users\Max\workspace\Java\Brabra\bin;C:\Users\Max\workspace\Java\Brabra\lib\core\core.jar;C:\Users\Max\workspace\Java\Brabra\lib\core\gluegen-rt-natives-linux-amd64.jar;C:\Users\Max\workspace\Java\Brabra\lib\core\gluegen-rt-natives-linux-armv6hf.jar;C:\Users\Max\workspace\Java\Brabra\lib\core\gluegen-rt-natives-linux-i586.jar;C:\Users\Max\workspace\Java\Brabra\lib\core\gluegen-rt-natives-macosx-universal.jar;C:\Users\Max\workspace\Java\Brabra\lib\core\gluegen-rt-natives-windows-amd64.jar;C:\Users\Max\workspace\Java\Brabra\lib\core\gluegen-rt-natives-windows-i586.jar;C:\Users\Max\workspace\Java\Brabra\lib\core\gluegen-rt.jar;C:\Users\Max\workspace\Java\Brabra\lib\core\jogl-all-natives-linux-amd64.jar;C:\Users\Max\workspace\Java\Brabra\lib\core\jogl-all-natives-linux-armv6hf.jar;C:\Users\Max\workspace\Java\Brabra\lib\core\jogl-all-natives-linux-i586.jar;C:\Users\Max\workspace\Java\Brabra\lib\core\jogl-all-natives-macosx-universal.jar;C:\Users\Max\workspace\Java\Brabra\lib\core\jogl-all-natives-windows-amd64.jar;C:\Users\Max\workspace\Java\Brabra\lib\core\jogl-all-natives-windows-i586.jar;C:\Users\Max\workspace\Java\Brabra\lib\core\jogl-all.jar;C:\Users\Max\workspace\Java\Brabra\lib\papaya.jar;C:\Users\Max\workspace\Java\Brabra\lib\video.jar;C:\Users\Max\Desktop\scala-SDK-4.3.0-vfinal-2.11-win32.win32.x86_64\eclipse\plugins\org.junit_4.11.0.v201303080030\junit.jar;C:\Users\Max\Desktop\scala-SDK-4.3.0-vfinal-2.11-win32.win32.x86_64\eclipse\plugins\org.hamcrest.core_1.3.0.v201303031735.jar
Launcher Type: SUN_STANDARD

Environment Variables:
PATH=C:/Program Files/Java/jre1.8.0_77/bin/server;C:/Program Files/Java/jre1.8.0_77/bin;C:/Program Files/Java/jre1.8.0_77/lib/amd64;C:\Program Files (x86)\Razer Chroma SDK\bin;C:\Program Files\Razer Chroma SDK\bin;C:\ProgramData\Oracle\Java\javapath;C:\Python33;C:\Program Files (x86)\Intel\iCLS Client\;C:\Program Files\Intel\iCLS Client\;C:\Program Files\Common Files\Microsoft Shared\Windows Live;C:\Program Files (x86)\Common Files\Microsoft Shared\Windows Live;C:\Windows\system32;C:\Windows;C:\Windows\System32\Wbem;C:\Windows\System32\WindowsPowerShell\v1.0\;C:\Program Files (x86)\Windows Live\Shared;C:\Program Files (x86)\EgisTec MyWinLocker\x64;C:\Program Files (x86)\EgisTec MyWinLocker\;C:\Program Files (x86)\Intel\OpenCL SDK\2.0\bin\x86;C:\Program Files (x86)\Intel\OpenCL SDK\2.0\bin\x64;C:\Program Files\Intel\Intel(R) Management Engine Components\DAL;C:\Program Files\Intel\Intel(R) Management Engine Components\IPT;C:\Program Files (x86)\Intel\Intel(R) Management Engine Components\DAL;C:\Program Files (x86)\Intel\Intel(R) Management Engine Components\IPT;C:\Program Files (x86)\Internet Explorer;C:\Program Files\MATLAB\R2013a\runtime\win64;C:\Program Files\MATLAB\R2013a\bin;C:\Program Files (x86)\Windows Kits\8.1\Windows Performance Toolkit\;C:\Program Files\Microsoft SQL Server\110\Tools\Binn\;C:\Program Files (x86)\QuickTime\QTSystem\;C:\Program Files (x86)\NVIDIA Corporation\PhysX\Common;C:\Program Files (x86)\Skype\Phone\;C:\Program Files (x86)\GtkSharp\2.12\bin;C:\Users\Max\AppData\Local\Enthought\Canopy\User;C:\Users\Max\AppData\Local\Enthought\Canopy\User\Scripts;C:\Users\Max\Desktop\scala-SDK-4.3.0-vfinal-2.11-win32.win32.x86_64\eclipse;
USERNAME=Max
OS=Windows_NT
PROCESSOR_IDENTIFIER=Intel64 Family 6 Model 58 Stepping 9, GenuineIntel



---------------  S Y S T E M  ---------------

OS: Windows 7 , 64 bit Build 7601 (6.1.7601.19160)

CPU:total 8 (4 cores per cpu, 2 threads per core) family 6 model 58 stepping 9, cmov, cx8, fxsr, mmx, sse, sse2, sse3, ssse3, sse4.1, sse4.2, popcnt, avx, aes, clmul, erms, ht, tsc, tscinvbit, tscinv

Memory: 4k page, physical 8223084k(3578084k free), swap 16444332k(10888232k free)

vm_info: Java HotSpot(TM) 64-Bit Server VM (25.77-b03) for windows-amd64 JRE (1.8.0_77-b03), built on Mar 20 2016 22:01:33 by "java_re" with MS VC++ 10.0 (VS2010)

time: Fri Apr 08 13:22:59 2016
elapsed time: 11 seconds (0d 0h 0m 11s)

