#
# A fatal error has been detected by the Java Runtime Environment:
#
#  EXCEPTION_ACCESS_VIOLATION (0xc0000005) at pc=0x000000001ea9bced, pid=3304, tid=5404
#
# JRE version: Java(TM) SE Runtime Environment (8.0_77-b03) (build 1.8.0_77-b03)
# Java VM: Java HotSpot(TM) 64-Bit Server VM (25.77-b03 mixed mode windows-amd64 compressed oops)
# Problematic frame:
# C  [ig7icd64.dll+0x8bbced]
#
# Failed to write core dump. Minidumps are not enabled by default on client versions of Windows
#
# If you would like to submit a bug report, please visit:
#   http://bugreport.java.com/bugreport/crash.jsp
# The crash happened outside the Java Virtual Machine in native code.
# See problematic frame for where to report the bug.
#

---------------  T H R E A D  ---------------

Current thread (0x000000001b13d800):  JavaThread "main-FPSAWTAnimator#00-Timer0-FPSAWTAnimator#00-Timer1" [_thread_in_native, id=5404, stack(0x0000000022aa0000,0x0000000022ba0000)]

siginfo: ExceptionCode=0xc0000005, writing address 0x0000000000000040

Registers:
RAX=0x050108ca60365054, RBX=0x0000000000000020, RCX=0x0000000000000060, RDX=0x000000001e05dcf0
RSP=0x0000000022b9e068, RBP=0x000000002ba20110, RSI=0x000000001df9fb78, RDI=0x000000001f26e090
R8 =0x0000000000000150, R9 =0x000000000000000a, R10=0x210277bd00600d54, R11=0x0000000000000040
R12=0x000000001df9fea8, R13=0x000000001dfc39c0, R14=0x0000000000000150, R15=0x000000001df42ca8
RIP=0x000000001ea9bced, EFLAGS=0x0000000000010206

Top of Stack: (sp=0x0000000022b9e068)
0x0000000022b9e068:   000000001e20e1c1 0000000000000003
0x0000000022b9e078:   0000000000000003 0000000000000003
0x0000000022b9e088:   000000001df9ff04 000000001dca4b08
0x0000000022b9e098:   0000000077293899 000000001f26e090
0x0000000022b9e0a8:   000000001f26e090 000060007a000003
0x0000000022b9e0b8:   0002738400000000 0000000000000000
0x0000000022b9e0c8:   000000001f32d6b0 000007fffffda000
0x0000000022b9e0d8:   0000000000000002 0000000000000002
0x0000000022b9e0e8:   0000000000000001 00000000fa000001
0x0000000022b9e0f8:   0000000000000000 0000000000003064
0x0000000022b9e108:   0000000000000000 000000001df9fb78
0x0000000022b9e118:   0000000022b9e244 0000000000000000
0x0000000022b9e128:   0000000000040c0c 000000001df9fea8
0x0000000022b9e138:   000000001dfa049c 000007fffffda000
0x0000000022b9e148:   000007ffffede000 0001000379120000
0x0000000022b9e158:   0004000379130000 0007000379140000 

Instructions: (pc=0x000000001ea9bced)
0x000000001ea9bccd:   00 00 00 66 66 66 90 66 66 90 49 81 f9 00 20 00
0x000000001ea9bcdd:   00 73 42 48 8b 04 0a 4c 8b 54 0a 08 48 83 c1 20
0x000000001ea9bced:   48 89 41 e0 4c 89 51 e8 48 8b 44 0a f0 4c 8b 54
0x000000001ea9bcfd:   0a f8 49 ff c9 48 89 41 f0 4c 89 51 f8 75 d4 49 


Register to memory mapping:

RAX=0x050108ca60365054 is an unknown value
RBX=0x0000000000000020 is an unknown value
RCX=0x0000000000000060 is an unknown value
RDX=0x000000001e05dcf0 is an unknown value
RSP=0x0000000022b9e068 is pointing into the stack for thread: 0x000000001b13d800
RBP=0x000000002ba20110 is an unknown value
RSI=0x000000001df9fb78 is an unknown value
RDI=0x000000001f26e090 is an unknown value
R8 =0x0000000000000150 is an unknown value
R9 =0x000000000000000a is an unknown value
R10=0x210277bd00600d54 is an unknown value
R11=0x0000000000000040 is an unknown value
R12=0x000000001df9fea8 is an unknown value
R13=0x000000001dfc39c0 is an unknown value
R14=0x0000000000000150 is an unknown value
R15=0x000000001df42ca8 is an unknown value


Stack: [0x0000000022aa0000,0x0000000022ba0000],  sp=0x0000000022b9e068,  free space=1016k
Native frames: (J=compiled Java code, j=interpreted, Vv=VM code, C=native code)
C  [ig7icd64.dll+0x8bbced]

Java frames: (J=compiled Java code, j=interpreted, Vv=VM code)
J 2783  jogamp.opengl.gl4.GL4bcImpl.dispatch_glDrawElements1(IIIJJ)V (0 bytes) @ 0x0000000002f3104a [0x0000000002f31000+0x4a]
J 2781 C1 jogamp.opengl.gl4.GL4bcImpl.glDrawElements(IIIJ)V (57 bytes) @ 0x0000000002f358f4 [0x0000000002f34ea0+0xa54]
J 2780 C1 processing.opengl.PJOGL.drawElementsImpl(IIII)V (16 bytes) @ 0x0000000002f34a4c [0x0000000002f34940+0x10c]
J 2778 C1 processing.opengl.PShader.draw(III)V (42 bytes) @ 0x0000000002f33fcc [0x0000000002f33ce0+0x2ec]
j  processing.opengl.PShapeOpenGL.renderPolys(Lprocessing/opengl/PGraphicsOpenGL;Lprocessing/core/PImage;)V+663
j  processing.opengl.PShapeOpenGL.render(Lprocessing/opengl/PGraphicsOpenGL;Lprocessing/core/PImage;)V+28
j  processing.opengl.PShapeOpenGL.draw(Lprocessing/core/PGraphics;)V+115
j  processing.core.PGraphics.shape(Lprocessing/core/PShape;)V+43
j  processing.core.PApplet.shape(Lprocessing/core/PShape;)V+20
j  brabra.game.scene.Camera.place()V+141
j  brabra.game.RealGame.draw()V+4
j  brabra.Brabra.draw()V+4
j  processing.core.PApplet.handleDraw()V+161
j  processing.opengl.PSurfaceJOGL$DrawListener.display(Lcom/jogamp/opengl/GLAutoDrawable;)V+107
j  jogamp.opengl.GLDrawableHelper.displayImpl(Lcom/jogamp/opengl/GLAutoDrawable;)V+62
j  jogamp.opengl.GLDrawableHelper.display(Lcom/jogamp/opengl/GLAutoDrawable;)V+2
j  jogamp.opengl.GLAutoDrawableBase$2.run()V+59
j  jogamp.opengl.GLDrawableHelper.invokeGLImpl(Lcom/jogamp/opengl/GLDrawable;Lcom/jogamp/opengl/GLContext;Ljava/lang/Runnable;Ljava/lang/Runnable;)V+203
j  jogamp.opengl.GLDrawableHelper.invokeGL(Lcom/jogamp/opengl/GLDrawable;Lcom/jogamp/opengl/GLContext;Ljava/lang/Runnable;Ljava/lang/Runnable;)V+72
j  com.jogamp.newt.opengl.GLWindow.display()V+90
j  com.jogamp.opengl.util.AWTAnimatorImpl.display(Ljava/util/ArrayList;ZZ)V+68
j  com.jogamp.opengl.util.AnimatorBase.display()V+16
j  com.jogamp.opengl.util.FPSAnimator$MainTask.run()V+216
j  java.util.TimerThread.mainLoop()V+221
j  java.util.TimerThread.run()V+1
v  ~StubRoutines::call_stub

---------------  P R O C E S S  ---------------

Java Threads: ( => current thread )
  0x000000001af44800 JavaThread "Prism Font Disposer" daemon [_thread_blocked, id=6072, stack(0x000000002b3a0000,0x000000002b4a0000)]
  0x000000001af43000 JavaThread "Thread-11" daemon [_thread_in_native, id=6360, stack(0x0000000029b00000,0x0000000029c00000)]
  0x000000001af42000 JavaThread "JavaFX Application Thread" [_thread_in_native, id=6736, stack(0x00000000285e0000,0x00000000286e0000)]
  0x000000001af41000 JavaThread "Thread-10" daemon [_thread_blocked, id=2412, stack(0x0000000028470000,0x0000000028570000)]
  0x000000001af40800 JavaThread "QuantumRenderer-0" daemon [_thread_blocked, id=5828, stack(0x00000000237c0000,0x00000000238c0000)]
  0x000000001af3f000 JavaThread "JavaFX-Launcher" [_thread_blocked, id=6536, stack(0x000000001fc60000,0x000000001fd60000)]
  0x000000001ce16800 JavaThread "Thread-7" [_thread_blocked, id=6788, stack(0x0000000023500000,0x0000000023600000)]
  0x000000001ca12800 JavaThread "AWT-EventQueue-0" [_thread_blocked, id=5888, stack(0x0000000023140000,0x0000000023240000)]
  0x000000001b140800 JavaThread "AWT-Shutdown" [_thread_blocked, id=1508, stack(0x0000000022d70000,0x0000000022e70000)]
=>0x000000001b13d800 JavaThread "main-FPSAWTAnimator#00-Timer0-FPSAWTAnimator#00-Timer1" [_thread_in_native, id=5404, stack(0x0000000022aa0000,0x0000000022ba0000)]
  0x000000000205f000 JavaThread "DestroyJavaVM" [_thread_blocked, id=3116, stack(0x0000000002270000,0x0000000002370000)]
  0x000000001b136800 JavaThread "Thread-3" [_thread_blocked, id=2724, stack(0x000000001fe10000,0x000000001ff10000)]
  0x000000001afff000 JavaThread "main-SharedResourceRunner" daemon [_thread_blocked, id=1040, stack(0x000000001ddd0000,0x000000001ded0000)]
  0x000000001b06e000 JavaThread "main-Display-.windows_nil-1-EDT-1" daemon [_thread_blocked, id=4228, stack(0x000000001bed0000,0x000000001bfd0000)]
  0x000000001ab0e000 JavaThread "AWT-Windows" daemon [_thread_in_native, id=6328, stack(0x000000001b500000,0x000000001b600000)]
  0x000000001ab0c800 JavaThread "Java2D Disposer" daemon [_thread_blocked, id=6504, stack(0x000000001b2c0000,0x000000001b3c0000)]
  0x0000000018b68800 JavaThread "Service Thread" daemon [_thread_blocked, id=5852, stack(0x000000001a950000,0x000000001aa50000)]
  0x0000000018ae7000 JavaThread "C1 CompilerThread3" daemon [_thread_blocked, id=4320, stack(0x000000001a7b0000,0x000000001a8b0000)]
  0x0000000018ae5000 JavaThread "C2 CompilerThread2" daemon [_thread_blocked, id=6956, stack(0x000000001a2d0000,0x000000001a3d0000)]
  0x0000000018ade000 JavaThread "C2 CompilerThread1" daemon [_thread_blocked, id=3208, stack(0x000000001a610000,0x000000001a710000)]
  0x0000000018ad9000 JavaThread "C2 CompilerThread0" daemon [_thread_blocked, id=184, stack(0x000000001a400000,0x000000001a500000)]
  0x0000000018ad3800 JavaThread "Attach Listener" daemon [_thread_blocked, id=3424, stack(0x000000001a170000,0x000000001a270000)]
  0x0000000018ad2800 JavaThread "Signal Dispatcher" daemon [_thread_blocked, id=3640, stack(0x0000000019fc0000,0x000000001a0c0000)]
  0x0000000017911800 JavaThread "Finalizer" daemon [_thread_blocked, id=5596, stack(0x0000000019dd0000,0x0000000019ed0000)]
  0x000000001790a800 JavaThread "Reference Handler" daemon [_thread_blocked, id=5052, stack(0x0000000019bb0000,0x0000000019cb0000)]

Other Threads:
  0x0000000017903800 VMThread [stack: 0x0000000019a70000,0x0000000019b70000] [id=3780]
  0x0000000018b7f800 WatcherThread [stack: 0x0000000019cb0000,0x0000000019db0000] [id=5520]

VM state:not at safepoint (normal execution)

VM Mutex/Monitor currently owned by a thread: None

Heap:
 PSYoungGen      total 70656K, used 17901K [0x00000000d6300000, 0x00000000e3300000, 0x0000000100000000)
  eden space 65536K, 27% used [0x00000000d6300000,0x00000000d747b780,0x00000000da300000)
  from space 5120K, 0% used [0x00000000da300000,0x00000000da300000,0x00000000da800000)
  to   space 40960K, 0% used [0x00000000e0b00000,0x00000000e0b00000,0x00000000e3300000)
 ParOldGen       total 191488K, used 96125K [0x0000000082800000, 0x000000008e300000, 0x00000000d6300000)
  object space 191488K, 50% used [0x0000000082800000,0x00000000885df618,0x000000008e300000)
 Metaspace       used 28068K, capacity 28776K, committed 28928K, reserved 1075200K
  class space    used 3295K, capacity 3466K, committed 3584K, reserved 1048576K

Card table byte_map: [0x0000000011a00000,0x0000000011df0000] byte_map_base: 0x00000000115ec000

Marking Bits: (ParMarkBitMap*) 0x0000000051e60600
 Begin Bits: [0x0000000012c70000, 0x0000000014bd0000)
 End Bits:   [0x0000000014bd0000, 0x0000000016b30000)

Polling page: 0x0000000000420000

CodeCache: size=245760Kb used=9923Kb max_used=9923Kb free=235836Kb
 bounds [0x0000000002640000, 0x0000000003000000, 0x0000000011640000]
 total_blobs=4251 nmethods=3093 adapters=1069
 compilation: enabled

Compilation events (10 events):
Event: 13.515 Thread 0x0000000018ae7000 3090       3       javafx.scene.Scene::addToDirtyList (98 bytes)
Event: 13.516 Thread 0x0000000018ae7000 nmethod 3090 0x0000000002ff2490 code [0x0000000002ff2640, 0x0000000002ff2c88]
Event: 13.516 Thread 0x0000000018ae7000 3092       3       com.sun.javafx.collections.VetoableListDecorator::isEmpty (10 bytes)
Event: 13.516 Thread 0x0000000018ae7000 nmethod 3092 0x0000000002ff2e90 code [0x0000000002ff3000, 0x0000000002ff3228]
Event: 13.516 Thread 0x0000000018ae7000 3093       3       javafx.scene.Node::getTransformedBounds (248 bytes)
Event: 13.517 Thread 0x0000000018ae7000 nmethod 3093 0x0000000002ff32d0 code [0x0000000002ff3640, 0x0000000002ff54a8]
Event: 13.517 Thread 0x0000000018ae7000 3091       3       javafx.scene.Node::updateTxBounds (33 bytes)
Event: 13.517 Thread 0x0000000018ae7000 nmethod 3091 0x0000000002ff6290 code [0x0000000002ff6400, 0x0000000002ff6738]
Event: 13.517 Thread 0x0000000018ae7000 3094       1       com.sun.prism.d3d.D3DResource$D3DRecord::getResource (5 bytes)
Event: 13.517 Thread 0x0000000018ae7000 nmethod 3094 0x0000000002ff6810 code [0x0000000002ff6960, 0x0000000002ff6a70]

GC Heap History (10 events):
Event: 1.998 GC heap before
{Heap before GC invocations=3 (full 0):
 PSYoungGen      total 37888K, used 32647K [0x00000000d6300000, 0x00000000dad00000, 0x0000000100000000)
  eden space 32768K, 88% used [0x00000000d6300000,0x00000000d7f5f120,0x00000000d8300000)
  from space 5120K, 70% used [0x00000000d8800000,0x00000000d8b82b90,0x00000000d8d00000)
  to   space 5120K, 0% used [0x00000000d8300000,0x00000000d8300000,0x00000000d8800000)
 ParOldGen       total 86016K, used 54K [0x0000000082800000, 0x0000000087c00000, 0x00000000d6300000)
  object space 86016K, 0% used [0x0000000082800000,0x000000008280d8b0,0x0000000087c00000)
 Metaspace       used 16937K, capacity 17174K, committed 17408K, reserved 1064960K
  class space    used 1651K, capacity 1731K, committed 1792K, reserved 1048576K
Event: 2.002 GC heap after
Heap after GC invocations=3 (full 0):
 PSYoungGen      total 37888K, used 5088K [0x00000000d6300000, 0x00000000dad00000, 0x0000000100000000)
  eden space 32768K, 0% used [0x00000000d6300000,0x00000000d6300000,0x00000000d8300000)
  from space 5120K, 99% used [0x00000000d8300000,0x00000000d87f8050,0x00000000d8800000)
  to   space 5120K, 0% used [0x00000000da800000,0x00000000da800000,0x00000000dad00000)
 ParOldGen       total 86016K, used 1142K [0x0000000082800000, 0x0000000087c00000, 0x00000000d6300000)
  object space 86016K, 1% used [0x0000000082800000,0x000000008291d840,0x0000000087c00000)
 Metaspace       used 16937K, capacity 17174K, committed 17408K, reserved 1064960K
  class space    used 1651K, capacity 1731K, committed 1792K, reserved 1048576K
}
Event: 2.175 GC heap before
{Heap before GC invocations=4 (full 0):
 PSYoungGen      total 37888K, used 37850K [0x00000000d6300000, 0x00000000dad00000, 0x0000000100000000)
  eden space 32768K, 99% used [0x00000000d6300000,0x00000000d82fe7d8,0x00000000d8300000)
  from space 5120K, 99% used [0x00000000d8300000,0x00000000d87f8050,0x00000000d8800000)
  to   space 5120K, 0% used [0x00000000da800000,0x00000000da800000,0x00000000dad00000)
 ParOldGen       total 86016K, used 34892K [0x0000000082800000, 0x0000000087c00000, 0x00000000d6300000)
  object space 86016K, 40% used [0x0000000082800000,0x0000000084a13050,0x0000000087c00000)
 Metaspace       used 17189K, capacity 17398K, committed 17664K, reserved 1064960K
  class space    used 1687K, capacity 1763K, committed 1792K, reserved 1048576K
Event: 2.179 GC heap after
Heap after GC invocations=4 (full 0):
 PSYoungGen      total 70656K, used 5105K [0x00000000d6300000, 0x00000000dad00000, 0x0000000100000000)
  eden space 65536K, 0% used [0x00000000d6300000,0x00000000d6300000,0x00000000da300000)
  from space 5120K, 99% used [0x00000000da800000,0x00000000dacfc450,0x00000000dad00000)
  to   space 5120K, 0% used [0x00000000da300000,0x00000000da300000,0x00000000da800000)
 ParOldGen       total 86016K, used 36088K [0x0000000082800000, 0x0000000087c00000, 0x00000000d6300000)
  object space 86016K, 41% used [0x0000000082800000,0x0000000084b3e0f0,0x0000000087c00000)
 Metaspace       used 17189K, capacity 17398K, committed 17664K, reserved 1064960K
  class space    used 1687K, capacity 1763K, committed 1792K, reserved 1048576K
}
Event: 2.512 GC heap before
{Heap before GC invocations=5 (full 0):
 PSYoungGen      total 70656K, used 66883K [0x00000000d6300000, 0x00000000dad00000, 0x0000000100000000)
  eden space 65536K, 94% used [0x00000000d6300000,0x00000000d9f54970,0x00000000da300000)
  from space 5120K, 99% used [0x00000000da800000,0x00000000dacfc450,0x00000000dad00000)
  to   space 5120K, 0% used [0x00000000da300000,0x00000000da300000,0x00000000da800000)
 ParOldGen       total 86016K, used 36088K [0x0000000082800000, 0x0000000087c00000, 0x00000000d6300000)
  object space 86016K, 41% used [0x0000000082800000,0x0000000084b3e0f0,0x0000000087c00000)
 Metaspace       used 17565K, capacity 17784K, committed 17920K, reserved 1064960K
  class space    used 1711K, capacity 1764K, committed 1792K, reserved 1048576K
Event: 2.532 GC heap after
Heap after GC invocations=5 (full 0):
 PSYoungGen      total 70656K, used 5105K [0x00000000d6300000, 0x00000000e3300000, 0x0000000100000000)
  eden space 65536K, 0% used [0x00000000d6300000,0x00000000d6300000,0x00000000da300000)
  from space 5120K, 99% used [0x00000000da300000,0x00000000da7fc418,0x00000000da800000)
  to   space 40960K, 0% used [0x00000000e0b00000,0x00000000e0b00000,0x00000000e3300000)
 ParOldGen       total 86016K, used 85534K [0x0000000082800000, 0x0000000087c00000, 0x00000000d6300000)
  object space 86016K, 99% used [0x0000000082800000,0x0000000087b87878,0x0000000087c00000)
 Metaspace       used 17565K, capacity 17784K, committed 17920K, reserved 1064960K
  class space    used 1711K, capacity 1764K, committed 1792K, reserved 1048576K
}
Event: 2.532 GC heap before
{Heap before GC invocations=6 (full 1):
 PSYoungGen      total 70656K, used 5105K [0x00000000d6300000, 0x00000000e3300000, 0x0000000100000000)
  eden space 65536K, 0% used [0x00000000d6300000,0x00000000d6300000,0x00000000da300000)
  from space 5120K, 99% used [0x00000000da300000,0x00000000da7fc418,0x00000000da800000)
  to   space 40960K, 0% used [0x00000000e0b00000,0x00000000e0b00000,0x00000000e3300000)
 ParOldGen       total 86016K, used 85534K [0x0000000082800000, 0x0000000087c00000, 0x00000000d6300000)
  object space 86016K, 99% used [0x0000000082800000,0x0000000087b87878,0x0000000087c00000)
 Metaspace       used 17565K, capacity 17784K, committed 17920K, reserved 1064960K
  class space    used 1711K, capacity 1764K, committed 1792K, reserved 1048576K
Event: 2.552 GC heap after
Heap after GC invocations=6 (full 1):
 PSYoungGen      total 70656K, used 0K [0x00000000d6300000, 0x00000000e3300000, 0x0000000100000000)
  eden space 65536K, 0% used [0x00000000d6300000,0x00000000d6300000,0x00000000da300000)
  from space 5120K, 0% used [0x00000000da300000,0x00000000da300000,0x00000000da800000)
  to   space 40960K, 0% used [0x00000000e0b00000,0x00000000e0b00000,0x00000000e3300000)
 ParOldGen       total 163328K, used 82277K [0x0000000082800000, 0x000000008c780000, 0x00000000d6300000)
  object space 163328K, 50% used [0x0000000082800000,0x00000000878597b0,0x000000008c780000)
 Metaspace       used 17565K, capacity 17784K, committed 17920K, reserved 1064960K
  class space    used 1711K, capacity 1764K, committed 1792K, reserved 1048576K
}
Event: 5.011 GC heap before
{Heap before GC invocations=7 (full 2):
 PSYoungGen      total 70656K, used 62572K [0x00000000d6300000, 0x00000000e3300000, 0x0000000100000000)
  eden space 65536K, 95% used [0x00000000d6300000,0x00000000da01b038,0x00000000da300000)
  from space 5120K, 0% used [0x00000000da300000,0x00000000da300000,0x00000000da800000)
  to   space 40960K, 0% used [0x00000000e0b00000,0x00000000e0b00000,0x00000000e3300000)
 ParOldGen       total 163328K, used 149777K [0x0000000082800000, 0x000000008c780000, 0x00000000d6300000)
  object space 163328K, 91% used [0x0000000082800000,0x000000008ba447d0,0x000000008c780000)
 Metaspace       used 27290K, capacity 27966K, committed 28032K, reserved 1073152K
  class space    used 3246K, capacity 3413K, committed 3456K, reserved 1048576K
Event: 5.054 GC heap after
Heap after GC invocations=7 (full 2):
 PSYoungGen      total 70656K, used 0K [0x00000000d6300000, 0x00000000e3300000, 0x0000000100000000)
  eden space 65536K, 0% used [0x00000000d6300000,0x00000000d6300000,0x00000000da300000)
  from space 5120K, 0% used [0x00000000da300000,0x00000000da300000,0x00000000da800000)
  to   space 40960K, 0% used [0x00000000e0b00000,0x00000000e0b00000,0x00000000e3300000)
 ParOldGen       total 191488K, used 96125K [0x0000000082800000, 0x000000008e300000, 0x00000000d6300000)
  object space 191488K, 50% used [0x0000000082800000,0x00000000885df618,0x000000008e300000)
 Metaspace       used 27290K, capacity 27966K, committed 28032K, reserved 1073152K
  class space    used 3246K, capacity 3413K, committed 3456K, reserved 1048576K
}

Deoptimization events (10 events):
Event: 4.789 Thread 0x000000001b13d800 Uncommon trap: reason=unstable_if action=reinterpret pc=0x0000000002b937cc method=com.jogamp.common.nio.Buffers.getDirectBufferByteOffset(Ljava/lang/Object;)I @ 1
Event: 4.796 Thread 0x000000001b13d800 Uncommon trap: reason=predicate action=maybe_recompile pc=0x0000000002d61ffc method=java.util.regex.Pattern$Slice.match(Ljava/util/regex/Matcher;ILjava/lang/CharSequence;)Z @ 21
Event: 4.832 Thread 0x000000001b13d800 Uncommon trap: reason=unstable_if action=reinterpret pc=0x0000000002ba194c method=com.jogamp.common.nio.Buffers.rangeCheckBytes(Ljava/lang/Object;I)V @ 1
Event: 5.002 Thread 0x000000001af42000 Uncommon trap: reason=array_check action=maybe_recompile pc=0x0000000002d073e0 method=java.util.AbstractCollection.toArray([Ljava/lang/Object;)[Ljava/lang/Object; @ 119
Event: 5.002 Thread 0x000000001af42000 Uncommon trap: reason=array_check action=maybe_recompile pc=0x0000000002d073e0 method=java.util.AbstractCollection.toArray([Ljava/lang/Object;)[Ljava/lang/Object; @ 119
Event: 5.002 Thread 0x000000001af42000 Uncommon trap: reason=array_check action=maybe_recompile pc=0x0000000002d073e0 method=java.util.AbstractCollection.toArray([Ljava/lang/Object;)[Ljava/lang/Object; @ 119
Event: 5.140 Thread 0x000000001af42000 Uncommon trap: reason=array_check action=maybe_recompile pc=0x0000000002d073e0 method=java.util.AbstractCollection.toArray([Ljava/lang/Object;)[Ljava/lang/Object; @ 119
Event: 5.600 Thread 0x000000001af42000 Uncommon trap: reason=unstable_if action=reinterpret pc=0x0000000002bfb340 method=jdk.internal.org.objectweb.asm.Type.getArgumentsAndReturnSizes(Ljava/lang/String;)I @ 47
Event: 5.604 Thread 0x000000001af42000 Uncommon trap: reason=unstable_if action=reinterpret pc=0x0000000002cebe40 method=java.util.WeakHashMap.expungeStaleEntries()V @ 9
Event: 5.606 Thread 0x000000001af42000 Uncommon trap: reason=unstable_if action=reinterpret pc=0x0000000002daf054 method=javafx.scene.Node.updateLocalToParentTransform()V @ 4

Internal exceptions (10 events):
Event: 2.649 Thread 0x000000001b137800 Exception <a 'java/lang/ClassNotFoundException': sun/net/www/protocol/c/Handler> (0x00000000d7b684f0) thrown at [D:\re\workspace\8-2-build-windows-amd64-cygwin\jdk8u77\6540\hotspot\src\share\vm\classfile\systemDictionary.cpp, line 210]
Event: 2.788 Thread 0x000000001af3f000 Exception <a 'java/lang/NullPointerException'> (0x00000000d7f810d8) thrown at [D:\re\workspace\8-2-build-windows-amd64-cygwin\jdk8u77\6540\hotspot\src\share\vm\interpreter\linkResolver.cpp, line 1178]
Event: 3.073 Thread 0x000000001af42000 Exception <a 'java/lang/NullPointerException'> (0x00000000d86b93f8) thrown at [D:\re\workspace\8-2-build-windows-amd64-cygwin\jdk8u77\6540\hotspot\src\share\vm\interpreter\linkResolver.cpp, line 1178]
Event: 3.073 Thread 0x000000001af42000 Exception <a 'java/lang/NullPointerException'> (0x00000000d86b93f8) thrown at [D:\re\workspace\8-2-build-windows-amd64-cygwin\jdk8u77\6540\hotspot\src\share\vm\prims\jvm.cpp, line 1390]
Event: 3.175 Thread 0x000000001af42000 Implicit null exception at 0x0000000002a3f418 to 0x0000000002a3f4a6
Event: 3.294 Thread 0x000000001af42000 Implicit null exception at 0x0000000002ab02af to 0x0000000002ab0319
Event: 3.429 Thread 0x000000001af42000 Implicit null exception at 0x0000000002c3a166 to 0x0000000002c3a1b1
Event: 4.789 Thread 0x000000001b13d800 Implicit null exception at 0x0000000002b9350c to 0x0000000002b93539
Event: 4.789 Thread 0x000000001b13d800 Implicit null exception at 0x0000000002b9378c to 0x0000000002b937bd
Event: 4.832 Thread 0x000000001b13d800 Implicit null exception at 0x0000000002ba18ec to 0x0000000002ba1939

Events (10 events):
Event: 13.513 loading class com/sun/javafx/scene/text/HitInfo
Event: 13.513 loading class com/sun/javafx/scene/text/HitInfo done
Event: 13.516 loading class com/sun/javafx/tk/quantum/QuantumToolkit
Event: 13.516 loading class com/sun/javafx/tk/quantum/QuantumToolkit done
Event: 13.516 loading class com/sun/javafx/tk/quantum/QuantumToolkit
Event: 13.516 loading class com/sun/javafx/tk/quantum/QuantumToolkit done
Event: 13.516 Executing VM operation: RevokeBias
Event: 13.516 Executing VM operation: RevokeBias done
Event: 13.517 loading class com/sun/javafx/tk/RenderJob
Event: 13.517 loading class com/sun/javafx/tk/RenderJob done


Dynamic libraries:
0x000000013f500000 - 0x000000013f537000 	C:\Program Files\Java\jre1.8.0_77\bin\javaw.exe
0x0000000077240000 - 0x00000000773ea000 	C:\Windows\SYSTEM32\ntdll.dll
0x0000000077020000 - 0x000000007713f000 	C:\Windows\system32\kernel32.dll
0x000007fefcfe0000 - 0x000007fefd04b000 	C:\Windows\system32\KERNELBASE.dll
0x000007fefdfb0000 - 0x000007fefe08b000 	C:\Windows\system32\ADVAPI32.dll
0x000007fefd8f0000 - 0x000007fefd98f000 	C:\Windows\system32\msvcrt.dll
0x000007fefdca0000 - 0x000007fefdcbf000 	C:\Windows\SYSTEM32\sechost.dll
0x000007fefdb70000 - 0x000007fefdc9d000 	C:\Windows\system32\RPCRT4.dll
0x0000000077140000 - 0x000000007723a000 	C:\Windows\system32\USER32.dll
0x000007fefd660000 - 0x000007fefd6c7000 	C:\Windows\system32\GDI32.dll
0x000007fefd8e0000 - 0x000007fefd8ee000 	C:\Windows\system32\LPK.dll
0x000007feff140000 - 0x000007feff20a000 	C:\Windows\system32\USP10.dll
0x000007fefb870000 - 0x000007fefba64000 	C:\Windows\WinSxS\amd64_microsoft.windows.common-controls_6595b64144ccf1df_6.0.7601.18837_none_fa3b1e3d17594757\COMCTL32.dll
0x000007feff240000 - 0x000007feff2b1000 	C:\Windows\system32\SHLWAPI.dll
0x000007feff210000 - 0x000007feff23e000 	C:\Windows\system32\IMM32.DLL
0x000007fefd9e0000 - 0x000007fefdae9000 	C:\Windows\system32\MSCTF.dll
0x000007fefcef0000 - 0x000007fefcf21000 	C:\Windows\system32\nvinitx.dll
0x000007fefcee0000 - 0x000007fefceec000 	C:\Windows\system32\VERSION.dll
0x00000000737a0000 - 0x00000000737a6000 	C:\Program Files\NVIDIA Corporation\CoProcManager\detoured.dll
0x000007fef9800000 - 0x000007fef9832000 	C:\Program Files\NVIDIA Corporation\CoProcManager\nvd3d9wrapx.dll
0x000007fefeec0000 - 0x000007feff097000 	C:\Windows\system32\SETUPAPI.dll
0x000007fefd0f0000 - 0x000007fefd126000 	C:\Windows\system32\CFGMGR32.dll
0x000007fefdd40000 - 0x000007fefde18000 	C:\Windows\system32\OLEAUT32.dll
0x000007fefd6d0000 - 0x000007fefd8d3000 	C:\Windows\system32\ole32.dll
0x000007fefd320000 - 0x000007fefd33a000 	C:\Windows\system32\DEVOBJ.dll
0x000007fef97d0000 - 0x000007fef97f2000 	C:\Program Files\NVIDIA Corporation\CoProcManager\nvdxgiwrapx.dll
0x00000000793d0000 - 0x00000000794a2000 	C:\Program Files\Java\jre1.8.0_77\bin\msvcr100.dll
0x0000000051650000 - 0x0000000051ee0000 	C:\Program Files\Java\jre1.8.0_77\bin\server\jvm.dll
0x000007fef6030000 - 0x000007fef6039000 	C:\Windows\system32\WSOCK32.dll
0x000007fefd990000 - 0x000007fefd9dd000 	C:\Windows\system32\WS2_32.dll
0x000007fefd380000 - 0x000007fefd388000 	C:\Windows\system32\NSI.dll
0x000007fef9840000 - 0x000007fef987b000 	C:\Windows\system32\WINMM.dll
0x0000000077400000 - 0x0000000077407000 	C:\Windows\system32\PSAPI.DLL
0x0000000051640000 - 0x000000005164f000 	C:\Program Files\Java\jre1.8.0_77\bin\verify.dll
0x0000000051610000 - 0x0000000051639000 	C:\Program Files\Java\jre1.8.0_77\bin\java.dll
0x00000000515f0000 - 0x0000000051606000 	C:\Program Files\Java\jre1.8.0_77\bin\zip.dll
0x000007fefe130000 - 0x000007fefeeba000 	C:\Windows\system32\SHELL32.dll
0x000007fefcfc0000 - 0x000007fefcfcf000 	C:\Windows\system32\profapi.dll
0x000000006cae0000 - 0x000000006cc78000 	C:\Program Files\Java\jre1.8.0_77\bin\awt.dll
0x000007fefb230000 - 0x000007fefb248000 	C:\Windows\system32\DWMAPI.DLL
0x000007fefb690000 - 0x000007fefb6e6000 	C:\Windows\system32\uxtheme.dll
0x000007fefcdd0000 - 0x000007fefcddf000 	C:\Windows\system32\CRYPTBASE.dll
0x0000000180000000 - 0x000000018004a000 	C:\Program Files\Acer\Acer ePower Management\SysHook.dll
0x000007fef8f70000 - 0x000007fef8fe1000 	C:\Windows\system32\WINSPOOL.DRV
0x000007fefc770000 - 0x000007fefc788000 	C:\Windows\system32\CRYPTSP.dll
0x000007fefc470000 - 0x000007fefc4b7000 	C:\Windows\system32\rsaenh.dll
0x000007fefd340000 - 0x000007fefd35e000 	C:\Windows\system32\USERENV.dll
0x00000000515d0000 - 0x00000000515ea000 	C:\Program Files\Java\jre1.8.0_77\bin\net.dll
0x000007fefc710000 - 0x000007fefc765000 	C:\Windows\system32\mswsock.dll
0x000007fefc700000 - 0x000007fefc707000 	C:\Windows\System32\wship6.dll
0x000007fefa4a0000 - 0x000007fefa4c7000 	C:\Windows\system32\IPHLPAPI.DLL
0x000007fefa420000 - 0x000007fefa42b000 	C:\Windows\system32\WINNSI.DLL
0x000007fefa1a0000 - 0x000007fefa1b8000 	C:\Windows\system32\dhcpcsvc.DLL
0x000007fef9640000 - 0x000007fef9651000 	C:\Windows\system32\dhcpcsvc6.DLL
0x00000000515b0000 - 0x00000000515c1000 	C:\Program Files\Java\jre1.8.0_77\bin\nio.dll
0x000007fefcd70000 - 0x000007fefcdc7000 	C:\Windows\system32\apphelp.dll
0x00000000637c0000 - 0x00000000637cd000 	C:\Users\Max\AppData\Local\Temp\jogamp_0000\file_cache\jln2699662555731582542\jln3192069149617064998\natives\windows-amd64\gluegen-rt.dll
0x0000000050020000 - 0x0000000050027000 	C:\Program Files\Java\jre1.8.0_77\bin\jawt.dll
0x000000006a440000 - 0x000000006a44d000 	C:\Users\Max\AppData\Local\Temp\jogamp_0000\file_cache\jln2699662555731582542\jln3192069149617064998\natives\windows-amd64\nativewindow_awt.dll
0x000000006c100000 - 0x000000006c10f000 	C:\Users\Max\AppData\Local\Temp\jogamp_0000\file_cache\jln2699662555731582542\jln3192069149617064998\natives\windows-amd64\nativewindow_win32.dll
0x0000000002220000 - 0x0000000002233000 	C:\Users\Max\AppData\Local\Temp\jogamp_0000\file_cache\jln2699662555731582542\jln3192069149617064998\natives\windows-amd64\newt.dll
0x000007fef9880000 - 0x000007fef991c000 	C:\Windows\system32\mscms.dll
0x000007fef8810000 - 0x000007fef8852000 	C:\Windows\system32\icm32.dll
0x000007fefd130000 - 0x000007fefd16b000 	C:\Windows\system32\WINTRUST.dll
0x000007fefd1b0000 - 0x000007fefd31d000 	C:\Windows\system32\CRYPT32.dll
0x0000000002240000 - 0x000000000224f000 	C:\Windows\system32\MSASN1.dll
0x000007fee8810000 - 0x000007fee892d000 	C:\Windows\system32\OpenGL32.dll
0x000007fef8880000 - 0x000007fef88ad000 	C:\Windows\system32\GLU32.dll
0x000007fef2680000 - 0x000007fef2771000 	C:\Windows\system32\DDRAW.dll
0x000007fefa970000 - 0x000007fefa978000 	C:\Windows\system32\DCIMAN32.dll
0x0000000064500000 - 0x00000000645b1000 	C:\Users\Max\AppData\Local\Temp\jogamp_0000\file_cache\jln2699662555731582542\jln3192069149617064998\natives\windows-amd64\jogl_desktop.dll
0x0000000064340000 - 0x00000000643a2000 	C:\Users\Max\AppData\Local\Temp\jogamp_0000\file_cache\jln2699662555731582542\jln3192069149617064998\natives\windows-amd64\jogl_mobile.dll
0x000000001e1e0000 - 0x000000001f25c000 	C:\Windows\system32\ig7icd64.dll
0x000007feff0a0000 - 0x000007feff139000 	C:\Windows\system32\CLBCatQ.DLL
0x000000006cca0000 - 0x000000006cce7000 	C:\Program Files\Java\jre1.8.0_77\bin\fontmanager.dll
0x000000006ff30000 - 0x000000006ff61000 	C:\Program Files\Java\jre1.8.0_77\bin\jpeg.dll
0x000000006fe60000 - 0x000000006fea2000 	C:\Program Files\Java\jre1.8.0_77\bin\t2k.dll
0x000007fef7f80000 - 0x000007fef806f000 	C:\Program Files\Java\jre1.8.0_77\bin\msvcr120.dll
0x000007fee2cb0000 - 0x000007fee2d56000 	C:\Program Files\Java\jre1.8.0_77\bin\msvcp120.dll
0x000000006f400000 - 0x000000006f423000 	C:\Program Files\Java\jre1.8.0_77\bin\prism_d3d.dll
0x000007fee72f0000 - 0x000007fee74ef000 	C:\Windows\system32\d3d9.dll
0x000007fee87e0000 - 0x000007fee87e7000 	C:\Windows\system32\d3d8thk.dll
0x000007fef8b60000 - 0x000007fef8bde000 	C:\Windows\system32\nvumdshimx.dll
0x00000000238c0000 - 0x000000002408a000 	C:\Windows\system32\igdumd64.dll
0x000000006ce80000 - 0x000000006cec3000 	C:\Program Files\Java\jre1.8.0_77\bin\glass.dll
0x000007fefe090000 - 0x000007fefe127000 	C:\Windows\system32\COMDLG32.dll
0x000000006d7a0000 - 0x000000006d7b4000 	C:\Program Files\Java\jre1.8.0_77\bin\javafx_font.dll
0x000007fee0bb0000 - 0x000007fee0d47000 	C:\Windows\system32\dwrite.dll
0x000007fefb080000 - 0x000007fefb1e1000 	C:\Windows\system32\WindowsCodecs.dll
0x000007fef7050000 - 0x000007fef7085000 	C:\Windows\system32\EhStorShell.dll
0x000007fefb6f0000 - 0x000007fefb81c000 	C:\Windows\system32\PROPSYS.dll
0x000007fef6dc0000 - 0x000007fef6e40000 	C:\Windows\system32\ntshrui.dll
0x000007fefc9f0000 - 0x000007fefca13000 	C:\Windows\system32\srvcli.dll
0x000007fef8be0000 - 0x000007fef8bef000 	C:\Windows\system32\cscapi.dll
0x000007fefaa00000 - 0x000007fefaa0b000 	C:\Windows\system32\slc.dll
0x000007fef8a20000 - 0x000007fef8a28000 	C:\Windows\system32\IconCodecService.dll
0x000007fef87e0000 - 0x000007fef880d000 	C:\Program Files\Common Files\Microsoft Shared\Ink\rtscom.dll
0x000000006fb70000 - 0x000000006fb81000 	C:\Program Files\Java\jre1.8.0_77\bin\prism_common.dll
0x000007fef5010000 - 0x000007fef5135000 	C:\Windows\system32\dbghelp.dll

VM Arguments:
jvm_args: -ea -Dfile.encoding=UTF-8 
java_command: brabra.Brabra
java_class_path (initial): C:\Users\Max\workspace\Java\Brabra\bin;C:\Users\Max\workspace\Java\Brabra\lib\core\core.jar;C:\Users\Max\workspace\Java\Brabra\lib\core\gluegen-rt-natives-linux-amd64.jar;C:\Users\Max\workspace\Java\Brabra\lib\core\gluegen-rt-natives-linux-armv6hf.jar;C:\Users\Max\workspace\Java\Brabra\lib\core\gluegen-rt-natives-linux-i586.jar;C:\Users\Max\workspace\Java\Brabra\lib\core\gluegen-rt-natives-macosx-universal.jar;C:\Users\Max\workspace\Java\Brabra\lib\core\gluegen-rt-natives-windows-amd64.jar;C:\Users\Max\workspace\Java\Brabra\lib\core\gluegen-rt-natives-windows-i586.jar;C:\Users\Max\workspace\Java\Brabra\lib\core\gluegen-rt.jar;C:\Users\Max\workspace\Java\Brabra\lib\core\jogl-all-natives-linux-amd64.jar;C:\Users\Max\workspace\Java\Brabra\lib\core\jogl-all-natives-linux-armv6hf.jar;C:\Users\Max\workspace\Java\Brabra\lib\core\jogl-all-natives-linux-i586.jar;C:\Users\Max\workspace\Java\Brabra\lib\core\jogl-all-natives-macosx-universal.jar;C:\Users\Max\workspace\Java\Brabra\lib\core\jogl-all-natives-windows-amd64.jar;C:\Users\Max\workspace\Java\Brabra\lib\core\jogl-all-natives-windows-i586.jar;C:\Users\Max\workspace\Java\Brabra\lib\core\jogl-all.jar;C:\Users\Max\workspace\Java\Brabra\lib\papaya.jar;C:\Users\Max\workspace\Java\Brabra\lib\video.jar;C:\Users\Max\Desktop\scala-SDK-4.3.0-vfinal-2.11-win32.win32.x86_64\eclipse\plugins\org.junit_4.11.0.v201303080030\junit.jar;C:\Users\Max\Desktop\scala-SDK-4.3.0-vfinal-2.11-win32.win32.x86_64\eclipse\plugins\org.hamcrest.core_1.3.0.v201303031735.jar
Launcher Type: SUN_STANDARD

Environment Variables:
PATH=C:/Program Files/Java/jre1.8.0_77/bin/server;C:/Program Files/Java/jre1.8.0_77/bin;C:/Program Files/Java/jre1.8.0_77/lib/amd64;C:\Program Files (x86)\Razer Chroma SDK\bin;C:\Program Files\Razer Chroma SDK\bin;C:\ProgramData\Oracle\Java\javapath;C:\Python33;C:\Program Files (x86)\Intel\iCLS Client\;C:\Program Files\Intel\iCLS Client\;C:\Program Files\Common Files\Microsoft Shared\Windows Live;C:\Program Files (x86)\Common Files\Microsoft Shared\Windows Live;C:\Windows\system32;C:\Windows;C:\Windows\System32\Wbem;C:\Windows\System32\WindowsPowerShell\v1.0\;C:\Program Files (x86)\Windows Live\Shared;C:\Program Files (x86)\EgisTec MyWinLocker\x64;C:\Program Files (x86)\EgisTec MyWinLocker\;C:\Program Files (x86)\Intel\OpenCL SDK\2.0\bin\x86;C:\Program Files (x86)\Intel\OpenCL SDK\2.0\bin\x64;C:\Program Files\Intel\Intel(R) Management Engine Components\DAL;C:\Program Files\Intel\Intel(R) Management Engine Components\IPT;C:\Program Files (x86)\Intel\Intel(R) Management Engine Components\DAL;C:\Program Files (x86)\Intel\Intel(R) Management Engine Components\IPT;C:\Program Files (x86)\Internet Explorer;C:\Program Files\MATLAB\R2013a\runtime\win64;C:\Program Files\MATLAB\R2013a\bin;C:\Program Files (x86)\Windows Kits\8.1\Windows Performance Toolkit\;C:\Program Files\Microsoft SQL Server\110\Tools\Binn\;C:\Program Files (x86)\QuickTime\QTSystem\;C:\Program Files (x86)\NVIDIA Corporation\PhysX\Common;C:\Program Files (x86)\Skype\Phone\;C:\Program Files (x86)\GtkSharp\2.12\bin;C:\Users\Max\AppData\Local\Enthought\Canopy\User;C:\Users\Max\AppData\Local\Enthought\Canopy\User\Scripts;C:\Users\Max\Desktop\scala-SDK-4.3.0-vfinal-2.11-win32.win32.x86_64\eclipse;
USERNAME=Max
OS=Windows_NT
PROCESSOR_IDENTIFIER=Intel64 Family 6 Model 58 Stepping 9, GenuineIntel



---------------  S Y S T E M  ---------------

OS: Windows 7 , 64 bit Build 7601 (6.1.7601.19160)

CPU:total 8 (4 cores per cpu, 2 threads per core) family 6 model 58 stepping 9, cmov, cx8, fxsr, mmx, sse, sse2, sse3, ssse3, sse4.1, sse4.2, popcnt, avx, aes, clmul, erms, ht, tsc, tscinvbit, tscinv

Memory: 4k page, physical 8223084k(3335464k free), swap 16444332k(10622468k free)

vm_info: Java HotSpot(TM) 64-Bit Server VM (25.77-b03) for windows-amd64 JRE (1.8.0_77-b03), built on Mar 20 2016 22:01:33 by "java_re" with MS VC++ 10.0 (VS2010)

time: Fri Apr 08 14:16:07 2016
elapsed time: 13 seconds (0d 0h 0m 13s)

